
[2025-04-23 11:01:37] | Operación: Main | Descripcion: Banco iniciado
[2025-04-23 11:01:37] | Tipo: Monitor | Descripcion: Activo, escuchando
[2025-04-23 11:01:39] | Operación: Main | Descripcion: Abriendo terminal
[2025-04-23 11:01:43] Cuenta: 1000 | Operación: buscar_cuenta_log | Descripcion: Cuenta encontrada
[2025-04-23 11:01:43] Cuenta: 1000 | Operación: Login | Descripcion: Login exitoso
[2025-04-23 11:01:43] Cuenta: 1000 | Operación: buscar_cuenta | Descripcion: Cuenta encontrada
[2025-04-23 11:01:46] | Operación: Main | Descripcion: Abriendo terminal
[2025-04-23 11:02:07] Cuenta: 1 | Operación: Login | Descripcion: Cuenta no encontrada
[2025-04-23 11:02:17] Cuenta: 1001 | Operación: buscar_cuenta_log | Descripcion: Cuenta encontrada
[2025-04-23 11:02:17] Cuenta: 1001 | Operación: Login | Descripcion: Login exitoso
[2025-04-23 11:02:17] Cuenta: 1001 | Operación: buscar_cuenta | Descripcion: Cuenta encontrada
[2025-04-23 11:03:54] Cuenta: 1000 | Operación: buscar_cuenta | Descripcion: Cuenta encontrada
[2025-04-23 11:03:57] Cuenta: 1001 | Operación: buscar_cuenta | Descripcion: Cuenta encontrada
[2025-04-26 18:03:17] | Operación: Main | Descripcion: Banco iniciado
[2025-04-26 18:03:17] | Tipo: Monitor | Descripcion: Activo, escuchando
[2025-04-26 18:03:21] | Operación: Main | Descripcion: Abriendo terminal
[2025-04-26 18:03:27] | Operación: Main | Descripcion: Abriendo terminal
[2025-04-26 18:04:01] | Operación: Main | Descripcion: Banco iniciado
[2025-04-26 18:04:01] | Tipo: Monitor | Descripcion: Activo, escuchando
[2025-04-26 18:04:06] | Operación: Main | Descripcion: Abriendo terminal
[2025-04-26 18:04:58] | Operación: Main | Descripcion: Error de usuario opcion del menu
[2025-04-26 18:20:03] | Operación: Main | Descripcion: Banco iniciado
[2025-04-26 18:20:03] | Tipo: Monitor | Descripcion: Activo, escuchando
[2025-04-26 18:20:07] | Operación: Main | Descripcion: Abriendo terminal
[2025-04-26 18:20:13] Cuenta: 1000 | Operación: buscar_cuenta_log | Descripcion: Cuenta encontrada
[2025-04-26 18:20:13] Cuenta: 1000 | Operación: Login | Descripcion: Login exitoso
[2025-04-26 18:20:13] Cuenta: 1000 | Operación: buscar_cuenta | Descripcion: Cuenta encontrada
[2025-04-26 18:37:07] | Operación: Main | Descripcion: Cerrando terminales
[2025-04-26 18:38:48] | Operación: Main | Descripcion: Banco iniciado
[2025-04-26 18:38:48] | Tipo: Monitor | Descripcion: Activo, escuchando
[2025-04-26 18:38:51] | Operación: Main | Descripcion: Abriendo terminal
[2025-04-26 18:38:56] Cuenta: 1000 | Operación: buscar_cuenta_log | Descripcion: Cuenta encontrada
[2025-04-26 18:38:56] Cuenta: 1000 | Operación: Login | Descripcion: Login exitoso
[2025-04-26 18:38:56] Cuenta: 1000 | Operación: buscar_cuenta | Descripcion: Cuenta encontrada
[2025-04-27 16:59:54] | Operación: Main | Descripcion: Banco iniciado
[2025-04-27 16:59:54] | Tipo: Monitor | Descripcion: Activo, escuchando
[2025-04-27 16:59:57] | Operación: Main | Descripcion: Abriendo terminal
[2025-04-27 17:00:02] Cuenta: 1000 | Operación: buscar_cuenta_log | Descripcion: Cuenta encontrada
[2025-04-27 17:00:02] Cuenta: 1000 | Operación: Login | Descripcion: Login exitoso
[2025-04-27 17:00:02] Cuenta: 1000 | Operación: buscar_cuenta | Descripcion: Cuenta encontrada
[2025-04-27 17:00:27] Cuenta: 1000 | Operación: Depósito | Descripcion: Usuario ha realizado un depósito
[2025-04-27 17:00:35] | Operación: Main | Descripcion: Cerrando terminales
[2025-04-27 17:00:40] | Operación: Main | Descripcion: Banco iniciado
[2025-04-27 17:00:40] | Tipo: Monitor | Descripcion: Activo, escuchando
[2025-04-27 17:00:43] | Operación: Main | Descripcion: Abriendo terminal
[2025-04-27 17:00:47] Cuenta: 1000 | Operación: buscar_cuenta_log | Descripcion: Cuenta encontrada
[2025-04-27 17:00:47] Cuenta: 1000 | Operación: Login | Descripcion: Login exitoso
[2025-04-27 17:00:47] Cuenta: 1000 | Operación: buscar_cuenta | Descripcion: Cuenta encontrada
[2025-04-27 17:00:48] Cuenta: 1000 | Operación: buscar_cuenta | Descripcion: Cuenta encontrada
[2025-04-27 17:02:48] | Operación: Main | Descripcion: Abriendo terminal
[2025-04-27 17:02:53] Cuenta: 1001 | Operación: Login | Descripcion: Cuenta no encontrada
[2025-04-27 17:03:05] Cuenta: 1001 | Operación: Login | Descripcion: Cuenta no encontrada
[2025-04-27 17:03:22] | Operación: Main | Descripcion: Cerrando terminales
[2025-04-27 17:03:31] | Operación: Main | Descripcion: Banco iniciado
[2025-04-27 17:03:31] | Tipo: Monitor | Descripcion: Activo, escuchando
[2025-04-27 17:03:34] | Operación: Main | Descripcion: Abriendo terminal
[2025-04-27 17:03:40] Cuenta: 1001 | Operación: Login | Descripcion: Cuenta no encontrada
[2025-04-27 17:03:58] Cuenta: 1002 | Operación: Login | Descripcion: Cuenta no encontrada
[2025-04-27 17:04:05] Cuenta: 1000 | Operación: buscar_cuenta_log | Descripcion: Cuenta encontrada
[2025-04-27 17:04:05] Cuenta: 1000 | Operación: Login | Descripcion: Login exitoso
[2025-04-27 17:04:05] Cuenta: 1000 | Operación: buscar_cuenta | Descripcion: Cuenta encontrada
[2025-04-27 17:05:25] | Operación: Main | Descripcion: Cerrando terminales
[2025-04-27 17:15:27] | Operación: Main | Descripcion: Banco iniciado
[2025-04-27 17:15:27] | Tipo: Monitor | Descripcion: Activo, escuchando
[2025-04-27 17:15:30] | Operación: Main | Descripcion: Abriendo terminal
[2025-04-27 17:19:13] | Operación: Main | Descripcion: Cerrando terminales
[2025-04-27 17:19:24] | Operación: Main | Descripcion: Banco iniciado
[2025-04-27 17:19:24] | Tipo: Monitor | Descripcion: Activo, escuchando
[2025-04-27 17:19:27] | Operación: Main | Descripcion: Abriendo terminal
[2025-04-27 17:23:40] | Operación: Main | Descripcion: Cerrando terminales
[2025-04-27 17:23:47] | Operación: Main | Descripcion: Banco iniciado
[2025-04-27 17:23:47] | Tipo: Monitor | Descripcion: Activo, escuchando
[2025-04-27 17:23:50] | Operación: Main | Descripcion: Abriendo terminal
[2025-04-27 17:24:04] | Operación: Main | Descripcion: Abriendo terminal
[2025-04-27 17:25:27] | Operación: Main | Descripcion: Cerrando terminales
[2025-04-27 17:27:44] | Operación: Main | Descripcion: Banco iniciado
[2025-04-27 17:27:44] | Tipo: Monitor | Descripcion: Activo, escuchando
[2025-04-27 17:27:49] | Operación: Main | Descripcion: Abriendo terminal
[2025-04-27 17:27:58] Cuenta: 1000 | Operación: buscar_cuenta_log | Descripcion: Cuenta encontrada
[2025-04-27 17:27:58] Cuenta: 1000 | Operación: Login | Descripcion: Login exitoso
[2025-04-27 17:27:58] Cuenta: 1000 | Operación: buscar_cuenta | Descripcion: Cuenta encontrada
[2025-04-27 17:28:01] | Operación: Main | Descripcion: Abriendo terminal
[2025-04-27 17:28:14] Cuenta: 1001 | Operación: Login | Descripcion: Cuenta no encontrada
[2025-04-27 17:29:33] | Operación: Main | Descripcion: Cerrando terminales
[2025-04-27 17:31:50] | Operación: Main | Descripcion: Banco iniciado
[2025-04-27 17:31:50] | Tipo: Monitor | Descripcion: Activo, escuchando
[2025-04-27 17:31:53] | Operación: Main | Descripcion: Abriendo terminal
[2025-04-27 17:32:06] Cuenta: 1001 | Operación: Login | Descripcion: Cuenta no encontrada
[2025-04-27 17:32:28] Cuenta: 1004 | Operación: Login | Descripcion: Cuenta no encontrada
[2025-04-27 17:35:58] | Operación: Main | Descripcion: Cerrando terminales
[2025-04-27 17:36:18] | Operación: Main | Descripcion: Banco iniciado
[2025-04-27 17:36:18] | Tipo: Monitor | Descripcion: Activo, escuchando
[2025-04-27 17:36:21] | Operación: Main | Descripcion: Abriendo terminal
[2025-04-27 17:36:32] Cuenta: 1000 | Operación: buscar_cuenta_log | Descripcion: Cuenta encontrada
[2025-04-27 17:36:32] Cuenta: 1000 | Operación: Login | Descripcion: Login exitoso
[2025-04-27 17:36:32] Cuenta: 1000 | Operación: buscar_cuenta | Descripcion: Cuenta encontrada
[2025-04-27 17:36:37] | Operación: Main | Descripcion: Abriendo terminal
[2025-04-27 17:36:47] Cuenta: 1001 | Operación: Login | Descripcion: Cuenta no encontrada
[2025-04-27 17:36:55] | Operación: Main | Descripcion: Cerrando terminales
[2025-04-27 17:37:03] | Operación: Main | Descripcion: Banco iniciado
[2025-04-27 17:37:03] | Tipo: Monitor | Descripcion: Activo, escuchando
[2025-04-27 17:37:06] | Operación: Main | Descripcion: Abriendo terminal
[2025-04-27 17:45:03] | Operación: Main | Descripcion: Cerrando terminales
[2025-04-27 17:45:13] | Operación: Main | Descripcion: Banco iniciado
[2025-04-27 17:45:13] | Tipo: Monitor | Descripcion: Activo, escuchando
[2025-04-27 17:45:16] | Operación: Main | Descripcion: Abriendo terminal
[2025-04-27 17:46:07] | Operación: Main | Descripcion: Cerrando terminales
[2025-04-27 17:46:17] | Operación: Main | Descripcion: Banco iniciado
[2025-04-27 17:46:17] | Tipo: Monitor | Descripcion: Activo, escuchando
[2025-04-27 17:46:20] | Operación: Main | Descripcion: Abriendo terminal
[2025-04-27 18:17:58] | Operación: Main | Descripcion: Cerrando terminales
[2025-04-27 18:24:41] | Operación: Main | Descripcion: Banco iniciado
[2025-04-27 18:24:41] | Tipo: Monitor | Descripcion: Activo, escuchando
[2025-04-27 18:24:44] | Operación: Main | Descripcion: Abriendo terminal
[2025-04-27 18:24:57] Cuenta: 1001 | Operación: buscar_cuenta_log | Descripcion: Cuenta encontrada
[2025-04-27 18:24:57] Cuenta: 1001 | Operación: Login | Descripcion: Login exitoso
[2025-04-27 18:24:57] Cuenta: 1001 | Operación: buscar_cuenta | Descripcion: Cuenta encontrada
[2025-05-15 17:32:30] | Operación: Main | Descripcion: Banco iniciado
[2025-05-15 17:32:30] | Tipo: Monitor | Descripcion: Activo, escuchando
[2025-05-15 17:32:34] | Operación: Main | Descripcion: Abriendo terminal
[2025-05-15 18:08:11] | Operación: Main | Descripcion: Cerrando terminales
[2025-05-15 18:08:19] | Operación: Main | Descripcion: Banco iniciado
[2025-05-15 18:08:19] | Tipo: Monitor | Descripcion: Activo, escuchando
[2025-05-15 18:08:21] | Operación: Main | Descripcion: Abriendo terminal
[2025-05-15 18:08:28] Cuenta: 1001 | Operación: buscar_cuenta_log | Descripcion: Cuenta encontrada
[2025-05-15 18:08:28] Cuenta: 1001 | Operación: Login | Descripcion: Login exitoso
[2025-05-15 18:08:28] Cuenta: 1001 | Operación: buscar_cuenta | Descripcion: Cuenta encontrada
[2025-05-15 18:08:32] | Operación: Main | Descripcion: Cerrando terminales
[2025-05-15 18:08:52] | Operación: Main | Descripcion: Banco iniciado
[2025-05-15 18:08:52] | Tipo: Monitor | Descripcion: Activo, escuchando
[2025-05-15 18:09:20] | Operación: Main | Descripcion: Abriendo terminal
[2025-05-15 18:09:28] Cuenta: 1001 | Operación: buscar_cuenta_log | Descripcion: Cuenta encontrada
[2025-05-15 18:09:28] Cuenta: 1001 | Operación: Login | Descripcion: Login exitoso
[2025-05-15 18:09:28] Cuenta: 1001 | Operación: buscar_cuenta | Descripcion: Cuenta encontrada
[2025-05-15 18:09:31] Cuenta: 1001 | Operación: Depósito | Descripcion: Usuario ha realizado un depósito
[2025-05-15 18:09:40] | Operación: Main | Descripcion: Abriendo terminal
[2025-05-15 18:09:59] | Operación: Main | Descripcion: Cerrando terminales
[2025-05-15 18:10:04] | Operación: Main | Descripcion: Banco iniciado
[2025-05-15 18:10:04] | Tipo: Monitor | Descripcion: Activo, escuchando
[2025-05-15 18:10:12] | Operación: Main | Descripcion: Abriendo terminal
[2025-05-15 18:12:56] | Operación: Main | Descripcion: Cerrando terminales
[2025-05-15 18:29:03] | Operación: Main | Descripcion: Banco iniciado
[2025-05-15 18:29:03] | Tipo: Monitor | Descripcion: Activo, escuchando
[2025-05-15 18:29:07] | Operación: Main | Descripcion: Abriendo terminal
[2025-05-15 18:29:16] Cuenta: 1001 | Operación: buscar_cuenta_log | Descripcion: Cuenta encontrada
[2025-05-15 18:29:16] Cuenta: 1001 | Operación: Login | Descripcion: Login exitoso
[2025-05-15 18:29:16] Cuenta: 1001 | Operación: buscar_cuenta | Descripcion: Cuenta encontrada
[2025-05-15 18:31:11] Cuenta: 1001 | Operación: Retiro | Descripcion: Retiro rechazado por fondos insuficientes
[2025-05-15 18:33:46] | Operación: Main | Descripcion: Abriendo terminal
[2025-05-16 14:17:27] | Operación: Main | Descripcion: Banco iniciado
[2025-05-16 14:17:27] | Tipo: Monitor | Descripcion: Activo, escuchando
[2025-05-16 14:17:42] | Operación: Main | Descripcion: Abriendo terminal
[2025-05-16 14:17:51] | Operación: Main | Descripcion: Abriendo terminal
[2025-05-16 14:17:58] Cuenta: 1000 | Operación: buscar_cuenta_log | Descripcion: Cuenta encontrada
[2025-05-16 14:17:58] Cuenta: 1000 | Operación: Login | Descripcion: Login exitoso
[2025-05-16 14:17:58] Cuenta: 1000 | Operación: buscar_cuenta | Descripcion: Cuenta encontrada
[2025-05-16 14:18:06] Cuenta: 1001 | Operación: buscar_cuenta_log | Descripcion: Cuenta encontrada
[2025-05-16 14:18:06] Cuenta: 1001 | Operación: Login | Descripcion: Login exitoso
[2025-05-16 14:18:06] Cuenta: 1001 | Operación: buscar_cuenta | Descripcion: Cuenta encontrada
[2025-05-16 14:18:18] Cuenta: 1000 | Operación: Transferencia | Descripcion: Transferencia realizada
[2025-05-16 14:18:25] Cuenta: 1001 | Operación: buscar_cuenta | Descripcion: Cuenta encontrada
[2025-05-16 14:18:58] Cuenta: 1001 | Operación: buscar_cuenta | Descripcion: Cuenta encontrada
[2025-05-16 14:19:04] Cuenta: 1000 | Operación: buscar_cuenta | Descripcion: Cuenta encontrada
[2025-05-16 14:19:40] | Operación: Main | Descripcion: Cerrando terminales
[2025-05-16 14:30:28] | Operación: Main | Descripcion: Banco iniciado
[2025-05-16 14:30:28] | Tipo: Monitor | Descripcion: Activo, escuchando
[2025-05-16 14:30:31] | Operación: Main | Descripcion: Abriendo terminal
[2025-05-16 14:30:35] | Operación: Main | Descripcion: Abriendo terminal
[2025-05-16 14:30:42] Cuenta: 1000 | Operación: buscar_cuenta_log | Descripcion: Cuenta encontrada
[2025-05-16 14:30:42] Cuenta: 1000 | Operación: Login | Descripcion: Login exitoso
[2025-05-16 14:30:42] Cuenta: 1000 | Operación: buscar_cuenta | Descripcion: Cuenta encontrada
[2025-05-16 14:30:51] Cuenta: 1001 | Operación: buscar_cuenta_log | Descripcion: Cuenta encontrada
[2025-05-16 14:30:51] Cuenta: 1001 | Operación: Login | Descripcion: Login exitoso
[2025-05-16 14:30:51] Cuenta: 1001 | Operación: buscar_cuenta | Descripcion: Cuenta encontrada
[2025-05-16 14:31:03] Cuenta: 1001 | Operación: Transferencia realizada | Descripcion: Transferencia realizada por usuario
[2025-05-16 14:31:03] Cuenta: 1000 | Operación: Transferencia recibida | Descripcion: Transferencia recibida por usuario
[2025-05-16 14:31:13] Cuenta: 1000 | Operación: buscar_cuenta | Descripcion: Cuenta encontrada
[2025-05-16 14:31:19] | Operación: Main | Descripcion: Abriendo terminal
[2025-05-16 14:31:33] | Operación: Main | Descripcion: Cerrando terminales
[2025-05-16 14:46:28] | Operación: Main | Descripcion: Banco iniciado
[2025-05-16 14:46:28] | Tipo: Monitor | Descripcion: Activo, escuchando
[2025-05-16 14:46:37] | Operación: Main | Descripcion: Banco iniciado
[2025-05-16 14:46:37] | Tipo: Monitor | Descripcion: Activo, escuchando
[2025-05-16 14:46:44] | Operación: Main | Descripcion: Abriendo terminal
[2025-05-16 14:46:48] | Operación: Main | Descripcion: Abriendo terminal
[2025-05-16 14:47:00] Cuenta: 1000 | Operación: buscar_cuenta_log | Descripcion: Cuenta encontrada
[2025-05-16 14:47:00] Cuenta: 1000 | Operación: Login | Descripcion: Login exitoso
[2025-05-16 14:47:00] Cuenta: 1000 | Operación: buscar_cuenta | Descripcion: Cuenta encontrada
[2025-05-16 14:47:07] Cuenta: 1001 | Operación: buscar_cuenta_log | Descripcion: Cuenta encontrada
[2025-05-16 14:47:07] Cuenta: 1001 | Operación: Login | Descripcion: Login exitoso
[2025-05-16 14:47:07] Cuenta: 1001 | Operación: buscar_cuenta | Descripcion: Cuenta encontrada
[2025-05-16 14:47:14] Cuenta: 1000 | Operación: Consulta | Descripcion: Cuenta no encontrada al consultar saldo
[2025-05-16 14:47:22] Cuenta: 1000 | Operación: Consulta | Descripcion: Cuenta no encontrada al consultar saldo
[2025-05-16 14:47:38] Cuenta: 1001 | Operación: Consulta | Descripcion: Cuenta no encontrada al consultar saldo
[2025-05-16 14:47:40] Cuenta: 1001 | Operación: Consulta | Descripcion: Cuenta no encontrada al consultar saldo
[2025-05-16 14:47:41] Cuenta: 1001 | Operación: Consulta | Descripcion: Cuenta no encontrada al consultar saldo
[2025-05-16 14:48:47] | Operación: Main | Descripcion: Banco iniciado
[2025-05-16 14:48:47] | Tipo: Monitor | Descripcion: Activo, escuchando
[2025-05-16 14:48:51] | Operación: Main | Descripcion: Abriendo terminal
[2025-05-16 14:48:55] | Operación: Main | Descripcion: Abriendo terminal
[2025-05-16 14:49:09] Cuenta: 1000 | Operación: buscar_cuenta_log | Descripcion: Cuenta encontrada
[2025-05-16 14:49:09] Cuenta: 1000 | Operación: Login | Descripcion: Login exitoso
[2025-05-16 14:49:09] Cuenta: 1000 | Operación: buscar_cuenta | Descripcion: Cuenta encontrada
[2025-05-16 14:49:16] Cuenta: 1001 | Operación: buscar_cuenta_log | Descripcion: Cuenta encontrada
[2025-05-16 14:49:16] Cuenta: 1001 | Operación: Login | Descripcion: Login exitoso
[2025-05-16 14:49:16] Cuenta: 1001 | Operación: buscar_cuenta | Descripcion: Cuenta encontrada
[2025-05-16 14:49:21] Cuenta: 1000 | Operación: Consulta | Descripcion: Consulta de saldo realizada
[2025-05-16 14:52:40] Cuenta: 1000 | Operación: Transferencia fallida | Descripcion: Cuenta no encontrada
[2025-05-16 14:52:44] Cuenta: 1000 | Operación: Consulta | Descripcion: Consulta de saldo realizada
[2025-05-16 14:52:57] Cuenta: 1000 | Operación: Transferencia realizada | Descripcion: Transferencia realizada por usuario
[2025-05-16 14:52:57] Cuenta: 1001 | Operación: Transferencia recibida | Descripcion: Transferencia recibida por usuario
[2025-05-16 14:53:01] Cuenta: 1000 | Operación: Consulta | Descripcion: Consulta de saldo realizada
[2025-05-16 14:53:04] Cuenta: 1001 | Operación: Consulta | Descripcion: Consulta de saldo realizada
[2025-05-16 18:24:59] | Operación: Main | Descripcion: Error de usuario opcion del menu
[2025-05-17 08:59:14] | Operación: Main | Descripcion: Banco iniciado
[2025-05-17 08:59:14] | Tipo: Monitor | Descripcion: Activo, escuchando
[2025-05-17 08:59:30] | Operación: Login | Descripcion: Login exitoso
[2025-05-17 08:59:30] | Operación: Main | Descripcion: Abriendo terminal
[2025-05-17 08:59:44] | Operación: Login | Descripcion: Login exitoso
[2025-05-17 08:59:44] | Operación: Main | Descripcion: Abriendo terminal
[2025-05-17 08:59:49] | Operación: Main | Descripcion: Cerrando terminales
[2025-05-17 09:06:37] | Operación: Main | Descripcion: Banco iniciado
[2025-05-17 09:06:37] | Tipo: Monitor | Descripcion: Activo, escuchando
[2025-05-17 09:06:43] | Operación: Login | Descripcion: Login exitoso
[2025-05-17 09:06:43] | Operación: Main | Descripcion: Abriendo terminal
[2025-05-17 09:06:50] Cuenta: 1000 | Operación: Consulta | Descripcion: Consulta de saldo realizada
[2025-05-17 09:07:53] | Operación: Main | Descripcion: Cerrando terminales
[2025-05-17 09:08:05] | Operación: Main | Descripcion: Banco iniciado
[2025-05-17 09:08:05] | Tipo: Monitor | Descripcion: Activo, escuchando
[2025-05-17 09:08:11] | Operación: Login | Descripcion: Login exitoso
[2025-05-17 09:08:11] | Operación: Main | Descripcion: Abriendo terminal
[2025-05-17 09:09:14] Cuenta: 1000 | Operación: Depósito | Descripcion: Usuario ha realizado un depósito
[2025-05-17 09:09:28] Cuenta: 1000 | Operación: Consulta | Descripcion: Consulta de saldo realizada
[2025-05-17 09:09:35] Cuenta: 1000 | Operación: Transferencia fallida | Descripcion: Cuenta no encontrada
[2025-05-17 09:09:41] Cuenta: 1000 | Operación: Transferencia realizada | Descripcion: Transferencia realizada por usuario
[2025-05-17 09:09:41] Cuenta: 1001 | Operación: Transferencia recibida | Descripcion: Transferencia recibida por usuario
[2025-05-17 09:09:46] Cuenta: 1000 | Operación: Consulta | Descripcion: Consulta de saldo realizada
[2025-05-17 09:09:59] | Operación: Main | Descripcion: Cerrando terminales
[2025-05-17 09:10:05] | Operación: Main | Descripcion: Banco iniciado
[2025-05-17 09:10:05] | Tipo: Monitor | Descripcion: Activo, escuchando
[2025-05-17 09:10:14] | Operación: Login | Descripcion: Cuenta no encontrada
[2025-05-17 09:10:19] | Operación: Login | Descripcion: Login exitoso
[2025-05-17 09:10:19] | Operación: Main | Descripcion: Abriendo terminal
[2025-05-17 09:10:26] Cuenta: 1001 | Operación: Depósito | Descripcion: Usuario ha realizado un depósito
[2025-05-17 09:10:31] Cuenta: 1001 | Operación: Depósito | Descripcion: Usuario ha realizado un depósito
[2025-05-17 09:10:34] | Operación: Main | Descripcion: Cerrando terminales
[2025-05-17 09:10:36] Cuenta: 1001 | Operación: Depósito | Descripcion: Usuario ha realizado un depósito
[2025-05-17 09:10:40] | Operación: Main | Descripcion: Banco iniciado
[2025-05-17 09:10:40] | Tipo: Monitor | Descripcion: Activo, escuchando
[2025-05-17 09:10:48] | Operación: Login | Descripcion: Login exitoso
[2025-05-17 09:10:48] | Operación: Main | Descripcion: Abriendo terminal
[2025-05-17 09:10:57] Cuenta: 1000 | Operación: Depósito | Descripcion: Usuario ha realizado un depósito
[2025-05-17 09:11:24] | Operación: Main | Descripcion: Cerrando terminales
[2025-05-17 09:31:35] | Operación: Main | Descripcion: Banco iniciado
[2025-05-17 09:31:35] | Tipo: Monitor | Descripcion: Activo, escuchando
[2025-05-17 09:31:41] | Operación: Login | Descripcion: Login exitoso
[2025-05-17 09:31:41] | Operación: Main | Descripcion: Abriendo terminal
[2025-05-17 09:31:45] Cuenta: 1000 | Operación: Depósito | Descripcion: Usuario ha realizado un depósito
[2025-05-17 09:31:50] Cuenta: 1000 | Operación: Depósito | Descripcion: Usuario ha realizado un depósito
[2025-05-17 09:31:56] | Operación: Main | Descripcion: Cerrando terminales
[2025-05-17 09:40:44] | Operación: Main | Descripcion: Banco iniciado
[2025-05-17 09:40:44] | Tipo: Monitor | Descripcion: Activo, escuchando
[2025-05-17 09:40:56] | Operación: Login | Descripcion: Login exitoso
[2025-05-17 09:40:56] | Operación: Main | Descripcion: Abriendo terminal
[2025-05-17 09:41:06] Cuenta: 1000 | Operación: Depósito | Descripcion: Usuario ha realizado un depósito
[2025-05-17 09:41:19] | Operación: Login | Descripcion: Login exitoso
[2025-05-17 09:41:19] | Operación: Main | Descripcion: Abriendo terminal
[2025-05-17 09:41:41] | Operación: Main | Descripcion: Error de usuario opcion del menu
[2025-05-17 12:22:59] | Operación: Main | Descripcion: Banco iniciado
[2025-05-17 12:23:00] | Tipo: Monitor | Descripcion: Activo, escuchando
[2025-05-17 12:23:58] | Operación: Main | Descripcion: Banco iniciado
[2025-05-17 12:23:58] | Tipo: Monitor | Descripcion: Activo, escuchando
[2025-05-17 12:24:07] | Operación: Login | Descripcion: Login exitoso
[2025-05-17 12:24:07] | Operación: Main | Descripcion: Abriendo terminal
[2025-05-17 12:25:06] | Operación: Main | Descripcion: Cerrando terminales
[2025-05-17 12:26:30] | Operación: Main | Descripcion: Banco iniciado
[2025-05-17 12:26:30] | Tipo: Monitor | Descripcion: Activo, escuchando
[2025-05-17 12:26:43] | Operación: Login | Descripcion: Login exitoso
[2025-05-17 12:26:43] | Operación: Main | Descripcion: Abriendo terminal
[2025-05-17 12:26:50] | Operación: Main | Descripcion: Cerrando terminales
[2025-05-17 12:42:20] | Operación: Main | Descripcion: Banco iniciado
[2025-05-17 12:42:20] | Tipo: Monitor | Descripcion: Activo, escuchando
[2025-05-17 12:42:42] | Operación: Login | Descripcion: Login exitoso
[2025-05-17 12:42:42] | Operación: Main | Descripcion: Abriendo terminal
[2025-05-17 12:43:02] | Operación: Login | Descripcion: Cuenta no encontrada
[2025-05-17 12:43:08] | Operación: Login | Descripcion: Login exitoso
[2025-05-17 12:43:08] | Operación: Main | Descripcion: Abriendo terminal
[2025-05-17 12:43:16] | Operación: Main | Descripcion: Cerrando terminales
[2025-05-17 12:44:03] | Operación: Main | Descripcion: Banco iniciado
[2025-05-17 12:44:03] | Tipo: Monitor | Descripcion: Activo, escuchando
[2025-05-17 12:44:09] | Operación: Login | Descripcion: Login exitoso
[2025-05-17 12:44:09] | Operación: Main | Descripcion: Abriendo terminal
[2025-05-17 12:44:43] | Operación: Main | Descripcion: Error de usuario opcion del menu
[2025-05-17 12:44:45] | Operación: Main | Descripcion: Error de usuario opcion del menu
[2025-05-17 12:44:47] | Operación: Main | Descripcion: Error de usuario opcion del menu
[2025-05-17 12:45:26] | Operación: Main | Descripcion: Banco iniciado
[2025-05-17 12:45:26] | Tipo: Monitor | Descripcion: Activo, escuchando
[2025-05-17 12:45:35] | Operación: Login | Descripcion: Login exitoso
[2025-05-17 12:45:35] | Operación: Main | Descripcion: Abriendo terminal
[2025-05-17 12:45:46] | Operación: Login | Descripcion: Login exitoso
[2025-05-17 12:45:46] | Operación: Main | Descripcion: Abriendo terminal
[2025-05-17 12:45:52] | Operación: Main | Descripcion: Cerrando terminales
[2025-05-17 12:46:01] | Operación: Main | Descripcion: Banco iniciado
[2025-05-17 12:46:01] | Tipo: Monitor | Descripcion: Activo, escuchando
[2025-05-17 12:46:08] | Operación: Login | Descripcion: Login exitoso
[2025-05-17 12:46:08] | Operación: Main | Descripcion: Abriendo terminal
[2025-05-17 12:46:59] | Operación: Main | Descripcion: Cerrando terminales
[2025-05-17 12:48:48] | Operación: Main | Descripcion: Banco iniciado
[2025-05-17 12:48:48] | Tipo: Monitor | Descripcion: Activo, escuchando
[2025-05-17 12:48:54] | Operación: Login | Descripcion: Login exitoso
[2025-05-17 12:48:54] | Operación: Main | Descripcion: Abriendo terminal
[2025-05-17 12:49:09] Cuenta: 1000 | Operación: Retiro | Descripcion: Usuario ha realizado un retiro
[2025-05-17 12:49:22] | Operación: Main | Descripcion: Cerrando terminales
[2025-05-17 12:49:28] | Operación: Main | Descripcion: Banco iniciado
[2025-05-17 12:49:28] | Tipo: Monitor | Descripcion: Activo, escuchando
[2025-05-17 12:49:38] | Operación: Login | Descripcion: Login exitoso
[2025-05-17 12:49:38] | Operación: Main | Descripcion: Abriendo terminal
[2025-05-17 12:49:46] Cuenta: 1000 | Operación: Retiro | Descripcion: Usuario ha realizado un retiro
[2025-05-17 12:49:58] Cuenta: 1000 | Operación: Retiro | Descripcion: Usuario ha realizado un retiro
[2025-05-17 12:50:00] | Tipo: Monitor | Descripcion: Alerta de anomalia retiro
[2025-05-17 12:50:09] | Operación: Main | Descripcion: Cerrando terminales
[2025-05-17 12:53:35] | Operación: Main | Descripcion: Banco iniciado
[2025-05-17 12:53:35] | Tipo: Monitor | Descripcion: Activo, escuchando
[2025-05-17 12:53:35] | Tipo: Monitor | Descripcion: Alerta de anomalia retiro
[2025-05-17 12:53:46] | Operación: Login | Descripcion: Login exitoso
[2025-05-17 12:53:46] | Operación: Main | Descripcion: Abriendo terminal
[2025-05-17 12:53:57] Cuenta: 1001 | Operación: Transferencia realizada | Descripcion: Transferencia realizada por usuario
[2025-05-17 12:53:57] Cuenta: 1000 | Operación: Transferencia recibida | Descripcion: Transferencia recibida por usuario
[2025-05-17 12:54:49] Cuenta: 1001 | Operación: Consulta | Descripcion: Consulta de saldo realizada
[2025-05-17 12:54:57] | Operación: Login | Descripcion: Login exitoso
[2025-05-17 12:54:57] | Operación: Main | Descripcion: Abriendo terminal
[2025-05-17 12:55:00] Cuenta: 1000 | Operación: Consulta | Descripcion: Consulta de saldo realizada
[2025-05-17 12:55:12] Cuenta: 1000 | Operación: Consulta | Descripcion: Consulta de saldo realizada
[2025-05-17 12:55:21] | Operación: Main | Descripcion: Cerrando terminales
[2025-05-17 12:55:24] | Operación: Main | Descripcion: Banco iniciado
[2025-05-17 12:55:24] | Tipo: Monitor | Descripcion: Activo, escuchando
[2025-05-17 12:55:24] | Tipo: Monitor | Descripcion: Alerta de anomalia retiro
[2025-05-17 12:55:34] | Operación: Login | Descripcion: Login exitoso
[2025-05-17 12:55:34] | Operación: Main | Descripcion: Abriendo terminal
[2025-05-17 12:55:56] Cuenta: 1000 | Operación: Transferencia fallida | Descripcion: Cuenta no encontrada
[2025-05-17 12:56:12] Cuenta: 1000 | Operación: Transferencia fallida | Descripcion: Cuenta no encontrada
[2025-05-17 12:56:50] | Operación: Main | Descripcion: Cerrando terminales
[2025-05-17 12:56:56] | Operación: Main | Descripcion: Banco iniciado
[2025-05-17 12:56:57] | Tipo: Monitor | Descripcion: Activo, escuchando
[2025-05-17 12:56:57] | Tipo: Monitor | Descripcion: Alerta de anomalia retiro
[2025-05-17 12:57:08] | Operación: Login | Descripcion: Login exitoso
[2025-05-17 12:57:08] | Operación: Main | Descripcion: Abriendo terminal
[2025-05-17 12:57:16] Cuenta: 1000 | Operación: Transferencia fallida | Descripcion: Cuenta no encontrada
[2025-05-17 12:57:26] Cuenta: 1000 | Operación: Transferencia realizada | Descripcion: Transferencia realizada por usuario
[2025-05-17 12:57:26] Cuenta: 1002 | Operación: Transferencia recibida | Descripcion: Transferencia recibida por usuario
[2025-05-17 12:57:39] | Operación: Main | Descripcion: Cerrando terminales
[2025-05-17 13:01:34] | Operación: Main | Descripcion: Banco iniciado
[2025-05-17 13:01:34] | Tipo: Monitor | Descripcion: Activo, escuchando
[2025-05-17 13:01:34] | Tipo: Monitor | Descripcion: Alerta de anomalia retiro
[2025-05-17 13:01:41] | Operación: Login | Descripcion: Login exitoso
[2025-05-17 13:01:41] | Operación: Main | Descripcion: Abriendo terminal
[2025-05-17 13:01:46] | Operación: Main | Descripcion: Cerrando terminales
[2025-05-17 13:11:56] | Operación: Main | Descripcion: Banco iniciado
[2025-05-17 13:11:56] | Tipo: Monitor | Descripcion: Activo, escuchando
[2025-05-17 13:11:56] | Tipo: Monitor | Descripcion: Alerta de anomalia retiro
[2025-05-17 13:12:02] | Operación: Login | Descripcion: Login exitoso
[2025-05-17 13:12:02] | Operación: Main | Descripcion: Abriendo terminal
[2025-05-17 13:12:08] | Operación: Main | Descripcion: Cerrando terminales
[2025-05-17 14:11:52] | Operación: Main | Descripcion: Banco iniciado
[2025-05-17 14:11:52] | Tipo: Monitor | Descripcion: Activo, escuchando
[2025-05-17 14:11:52] | Tipo: Monitor | Descripcion: Alerta de anomalia retiro
[2025-05-17 14:12:00] | Operación: Login | Descripcion: Login exitoso
[2025-05-17 14:12:00] | Operación: Main | Descripcion: Abriendo terminal
[2025-05-17 14:13:25] | Operación: Main | Descripcion: Cerrando terminales
[2025-05-17 14:15:27] | Operación: Main | Descripcion: Banco iniciado
[2025-05-17 14:15:27] | Tipo: Monitor | Descripcion: Activo, escuchando
[2025-05-17 14:15:27] | Tipo: Monitor | Descripcion: Alerta de anomalia retiro
[2025-05-17 14:16:43] | Operación: Main | Descripcion: Banco iniciado
[2025-05-17 14:16:43] | Tipo: Monitor | Descripcion: Activo, escuchando
[2025-05-17 14:16:43] | Tipo: Monitor | Descripcion: Alerta de anomalia retiro
[2025-05-17 14:16:51] | Operación: Login | Descripcion: Login exitoso
[2025-05-17 14:16:51] | Operación: Main | Descripcion: Abriendo terminal
[2025-05-17 14:16:55] Cuenta: 1000 | Operación: Depósito | Descripcion: Usuario ha realizado un depósito
[2025-05-17 14:17:17] | Operación: Login | Descripcion: Login exitoso
[2025-05-17 14:17:17] | Operación: Main | Descripcion: Abriendo terminal
[2025-05-17 14:17:30] Cuenta: 1000 | Operación: Depósito | Descripcion: Usuario ha realizado un depósito
[2025-05-17 14:17:32] Cuenta: 1001 | Operación: Depósito | Descripcion: Usuario ha realizado un depósito
[2025-05-17 14:17:40] Cuenta: 1000 | Operación: Error | Descripcion: Fallo al liberar semáforos
[2025-05-17 14:18:40] Cuenta: 1000 | Operación: Error | Descripcion: Fallo al liberar semáforos
[2025-05-17 14:18:42] | Operación: Main | Descripcion: Cerrando terminales
[2025-05-18 10:37:32] | Operación: Main | Descripcion: Banco iniciado
[2025-05-18 10:37:32] | Tipo: Monitor | Descripcion: Activo, escuchando
[2025-05-18 10:37:32] | Tipo: Monitor | Descripcion: Alerta de anomalia retiro
[2025-05-18 10:37:48] | Operación: Login | Descripcion: Login exitoso
[2025-05-18 10:37:48] | Operación: Main | Descripcion: Abriendo terminal
[2025-05-18 10:38:02] Cuenta: 1000 | Operación: Depósito | Descripcion: Usuario ha realizado un depósito
[2025-05-18 10:38:16] Cuenta: 1000 | Operación: Consulta | Descripcion: Consulta de saldo realizada
[2025-05-18 10:38:19] Cuenta: 1000 | Operación: Error | Descripcion: Fallo al liberar semáforos
[2025-05-18 10:39:04] Cuenta: 1000 | Operación: Retiro | Descripcion: Usuario ha realizado un retiro
[2025-05-18 10:39:14] Cuenta: 1000 | Operación: Error | Descripcion: Fallo al liberar semáforos
[2025-05-18 10:39:31] | Operación: Login | Descripcion: Login exitoso
[2025-05-18 10:39:31] | Operación: Main | Descripcion: Abriendo terminal
[2025-05-18 10:39:48] Cuenta: 1001 | Operación: Transferencia realizada | Descripcion: Transferencia realizada por usuario
[2025-05-18 10:39:48] Cuenta: 1000 | Operación: Transferencia recibida | Descripcion: Transferencia recibida por usuario
[2025-05-18 10:40:03] Cuenta: 1001 | Operación: Consulta | Descripcion: Consulta de saldo realizada
[2025-05-18 10:40:06] Cuenta: 1001 | Operación: Error | Descripcion: Fallo al liberar semáforos
[2025-05-18 10:40:11] Cuenta: 1000 | Operación: Consulta | Descripcion: Consulta de saldo realizada
[2025-05-18 10:40:14] Cuenta: 1000 | Operación: Error | Descripcion: Fallo al liberar semáforos
[2025-05-18 10:40:26] | Operación: Login | Descripcion: Cuenta no encontrada
[2025-05-18 10:40:26] | Operación: Login | Descripcion: Cuenta no encontrada
[2025-05-18 10:40:26] | Operación: Login | Descripcion: Cuenta no encontrada
[2025-05-18 10:40:26] | Operación: Login | Descripcion: Demasiados intentos de login
[2025-05-18 12:06:21] | Operación: Main | Descripcion: Banco iniciado
[2025-05-18 12:06:21] | Tipo: Monitor | Descripcion: Activo, escuchando
[2025-05-18 12:06:21] | Tipo: Monitor | Descripcion: Alerta de anomalia retiro
[2025-05-18 12:06:33] | Operación: Login | Descripcion: Login exitoso
[2025-05-18 12:06:33] | Operación: Main | Descripcion: Abriendo terminal
[2025-05-18 12:07:04] Cuenta: 1000 | Operación: Depósito | Descripcion: Usuario ha realizado un depósito
[2025-05-18 12:07:21] Cuenta: 1000 | Operación: Consulta | Descripcion: Consulta de saldo realizada
[2025-05-18 12:07:24] Cuenta: 1000 | Operación: Error | Descripcion: Fallo al liberar semáforos
[2025-05-18 12:07:37] | Operación: Login | Descripcion: Login exitoso
[2025-05-18 12:07:37] | Operación: Main | Descripcion: Abriendo terminal
[2025-05-18 12:07:58] Cuenta: 1001 | Operación: Retiro | Descripcion: Usuario ha realizado un retiro
[2025-05-18 12:08:11] | Operación: Main | Descripcion: Cerrando terminales
[2025-05-18 12:08:17] | Operación: Main | Descripcion: Banco iniciado
[2025-05-18 12:08:17] | Tipo: Monitor | Descripcion: Activo, escuchando
[2025-05-18 12:08:17] | Tipo: Monitor | Descripcion: Alerta de anomalia retiro
[2025-05-18 12:24:14] | Operación: Login | Descripcion: Cuenta no encontrada
[2025-05-18 12:24:14] | Operación: Login | Descripcion: Cuenta no encontrada
[2025-05-18 12:24:14] | Operación: Login | Descripcion: Cuenta no encontrada
[2025-05-18 12:24:14] | Operación: Login | Descripcion: Demasiados intentos de login
[2025-05-18 12:43:24] | Operación: Main | Descripcion: Banco iniciado
[2025-05-18 12:43:24] | Tipo: Monitor | Descripcion: Activo, escuchando
[2025-05-18 12:43:24] | Tipo: Monitor | Descripcion: Alerta de anomalia retiro
[2025-05-18 12:48:42] | Operación: Main | Descripcion: Banco iniciado
[2025-05-18 12:48:42] | Tipo: Monitor | Descripcion: Activo, escuchando
[2025-05-18 12:48:42] | Tipo: Monitor | Descripcion: Alerta de anomalia retiro
[2025-05-18 12:49:03] | Operación: Login | Descripcion: Login exitoso
[2025-05-18 12:49:03] | Operación: Main | Descripcion: Abriendo terminal
[2025-05-18 12:49:18] | Operación: Login | Descripcion: Login exitoso
[2025-05-18 12:49:18] | Operación: Main | Descripcion: Abriendo terminal
[2025-05-18 12:50:01] Cuenta: 1000 | Operación: Depósito | Descripcion: Usuario ha realizado un depósito
[2025-05-18 12:50:33] Cuenta: 1001 | Operación: Retiro | Descripcion: Usuario ha realizado un retiro
[2025-05-18 12:50:38] Cuenta: 1001 | Operación: Error | Descripcion: Fallo al liberar semáforos
[2025-05-18 12:51:06] Cuenta: 1000 | Operación: Transferencia realizada | Descripcion: Transferencia realizada por usuario
[2025-05-18 12:51:06] Cuenta: 1001 | Operación: Transferencia recibida | Descripcion: Transferencia recibida por usuario
[2025-05-18 12:51:08] Cuenta: 1000 | Operación: Error | Descripcion: Fallo al liberar semáforos
[2025-05-18 12:51:26] Cuenta: 1000 | Operación: Error | Descripcion: Fallo al liberar semáforos
[2025-05-18 12:51:27] Cuenta: 1001 | Operación: Error | Descripcion: Fallo al liberar semáforos
[2025-05-18 12:51:29] | Operación: Main | Descripcion: Cerrando terminales
[2025-05-18 12:51:36] | Operación: Main | Descripcion: Banco iniciado
[2025-05-18 12:51:36] | Tipo: Monitor | Descripcion: Activo, escuchando
[2025-05-18 12:51:36] | Tipo: Monitor | Descripcion: Alerta de anomalia retiro
[2025-05-18 13:02:25] | Operación: Main | Descripcion: Banco iniciado
[2025-05-18 13:02:25] | Tipo: Monitor | Descripcion: Activo, escuchando
[2025-05-18 13:02:25] | Tipo: Monitor | Descripcion: Alerta de anomalia retiro
[2025-05-18 13:02:44] | Operación: Login | Descripcion: Cuenta no encontrada
[2025-05-18 13:02:56] | Operación: Login | Descripcion: Login exitoso
[2025-05-18 13:02:56] | Operación: Main | Descripcion: Abriendo terminal
[2025-05-18 13:03:36] Cuenta: 1001 | Operación: Transferencia fallida | Descripcion: Cuenta no encontrada
[2025-05-18 13:03:58] Cuenta: 1001 | Operación: Consulta | Descripcion: Consulta de saldo realizada
[2025-05-18 13:04:03] Cuenta: 1001 | Operación: Error | Descripcion: Fallo al liberar semáforos
[2025-05-18 13:04:05] Cuenta: 1001 | Operación: Error | Descripcion: Fallo al liberar semáforos
[2025-05-18 13:04:07] | Operación: Main | Descripcion: Cerrando terminales
[2025-05-18 15:43:28] | Operación: Main | Descripcion: Banco iniciado
[2025-05-18 15:43:28] | Tipo: Monitor | Descripcion: Activo, escuchando
[2025-05-18 15:43:28] | Tipo: Monitor | Descripcion: Alerta de anomalia retiro
[2025-05-18 15:43:52] | Operación: Login | Descripcion: Login exitoso
[2025-05-18 15:43:52] | Operación: Main | Descripcion: Abriendo terminal
[2025-05-18 15:44:35] Cuenta: 1000 | Operación: Depósito | Descripcion: Usuario ha realizado un depósito
[2025-05-18 15:44:56] | Operación: Login | Descripcion: Login exitoso
[2025-05-18 15:44:56] | Operación: Main | Descripcion: Abriendo terminal
[2025-05-18 15:45:43] Cuenta: 1001 | Operación: Retiro | Descripcion: Usuario ha realizado un retiro
[2025-05-18 15:46:29] Cuenta: 1001 | Operación: Consulta | Descripcion: Consulta de saldo realizada
[2025-05-18 15:46:34] Cuenta: 1001 | Operación: Error | Descripcion: Fallo al liberar semáforos
[2025-05-18 16:02:20] | Operación: Main | Descripcion: Cerrando terminales
[2025-05-18 16:16:24] | Operación: Main | Descripcion: Banco iniciado
[2025-05-18 16:16:24] | Tipo: Monitor | Descripcion: Activo, escuchando
[2025-05-18 16:16:24] | Tipo: Monitor | Descripcion: Alerta de anomalia retiro
[2025-05-18 16:16:33] | Operación: Login | Descripcion: Login exitoso
[2025-05-18 16:16:33] | Operación: Main | Descripcion: Abriendo terminal
[2025-05-18 16:16:53] Cuenta: 1000 | Operación: Depósito | Descripcion: Usuario ha realizado un depósito
[2025-05-18 16:17:04] | Operación: Login | Descripcion: Login exitoso
[2025-05-18 16:17:04] | Operación: Main | Descripcion: Abriendo terminal
[2025-05-18 16:17:14] Cuenta: 1001 | Operación: Depósito | Descripcion: Usuario ha realizado un depósito
[2025-05-18 16:17:47] Cuenta: 1001 | Operación: Retiro | Descripcion: Usuario ha realizado un retiro
[2025-05-18 16:17:52] Cuenta: 1001 | Operación: Error | Descripcion: Fallo al liberar semáforos
[2025-05-18 16:18:18] Cuenta: 1000 | Operación: Retiro | Descripcion: Usuario ha realizado un retiro
[2025-05-18 16:18:23] Cuenta: 1000 | Operación: Error | Descripcion: Fallo al liberar semáforos
[2025-05-18 16:18:46] | Operación: Login | Descripcion: Login exitoso
[2025-05-18 16:18:46] | Operación: Main | Descripcion: Abriendo terminal
[2025-05-18 16:19:21] Cuenta: 1005 | Operación: Retiro | Descripcion: Usuario ha realizado un retiro
[2025-05-18 16:19:46] Cuenta: 1000 | Operación: Consulta | Descripcion: Consulta de saldo realizada
[2025-05-18 16:19:51] Cuenta: 1000 | Operación: Error | Descripcion: Fallo al liberar semáforos
[2025-05-18 16:19:53] Cuenta: 1000 | Operación: Depósito | Descripcion: Usuario ha realizado un depósito
[2025-05-18 16:19:58] Cuenta: 1000 | Operación: Error | Descripcion: Fallo al liberar semáforos
[2025-05-18 16:20:29] Cuenta: 1000 | Operación: Retiro | Descripcion: Usuario ha realizado un retiro
[2025-05-18 16:20:34] Cuenta: 1000 | Operación: Error | Descripcion: Fallo al liberar semáforos
[2025-05-18 16:20:53] Cuenta: 1001 | Operación: Consulta | Descripcion: Consulta de saldo realizada
[2025-05-18 16:20:58] Cuenta: 1001 | Operación: Error | Descripcion: Fallo al liberar semáforos
[2025-05-18 16:21:21] Cuenta: 1001 | Operación: Retiro | Descripcion: Usuario ha realizado un retiro
[2025-05-18 16:21:26] Cuenta: 1001 | Operación: Error | Descripcion: Fallo al liberar semáforos
[2025-05-18 16:21:50] Cuenta: 1005 | Operación: Retiro | Descripcion: Usuario ha realizado un retiro
[2025-05-18 16:21:53] Cuenta: 1000 | Operación: Depósito | Descripcion: Usuario ha realizado un depósito
[2025-05-18 16:21:55] Cuenta: 1005 | Operación: Error | Descripcion: Fallo al liberar semáforos
[2025-05-18 16:21:58] Cuenta: 1000 | Operación: Error | Descripcion: Fallo al liberar semáforos
[2025-05-18 16:22:02] Cuenta: 1001 | Operación: Depósito | Descripcion: Usuario ha realizado un depósito
[2025-05-18 16:22:07] Cuenta: 1001 | Operación: Error | Descripcion: Fallo al liberar semáforos
[2025-05-18 16:22:35] Cuenta: 1001 | Operación: Retiro | Descripcion: Usuario ha realizado un retiro
[2025-05-18 16:22:40] Cuenta: 1001 | Operación: Error | Descripcion: Fallo al liberar semáforos
[2025-05-18 16:22:50] Cuenta: 1005 | Operación: Depósito | Descripcion: Usuario ha realizado un depósito
[2025-05-18 16:22:55] Cuenta: 1005 | Operación: Error | Descripcion: Fallo al liberar semáforos
[2025-05-18 16:23:23] Cuenta: 1000 | Operación: Retiro | Descripcion: Usuario ha realizado un retiro
[2025-05-18 16:23:28] Cuenta: 1000 | Operación: Error | Descripcion: Fallo al liberar semáforos
[2025-05-18 16:23:57] | Operación: Login | Descripcion: Cuenta no encontrada
[2025-05-18 16:24:26] | Operación: Main | Descripcion: Banco iniciado
[2025-05-18 16:24:26] | Tipo: Monitor | Descripcion: Activo, escuchando
[2025-05-18 16:24:26] | Tipo: Monitor | Descripcion: Alerta de anomalia retiro
[2025-05-18 16:24:43] | Operación: Login | Descripcion: Login exitoso
[2025-05-18 16:24:43] | Operación: Main | Descripcion: Abriendo terminal
[2025-05-18 16:24:58] | Operación: Login | Descripcion: Login exitoso
[2025-05-18 16:24:58] | Operación: Main | Descripcion: Abriendo terminal
[2025-05-18 16:25:13] | Operación: Login | Descripcion: Login exitoso
[2025-05-18 16:25:13] | Operación: Main | Descripcion: Abriendo terminal
[2025-05-18 16:25:25] Cuenta: 1000 | Operación: Depósito | Descripcion: Usuario ha realizado un depósito
[2025-05-18 16:25:35] Cuenta: 1001 | Operación: Depósito | Descripcion: Usuario ha realizado un depósito
[2025-05-18 16:25:40] Cuenta: 1001 | Operación: Error | Descripcion: Fallo al liberar semáforos
[2025-05-18 16:26:05] Cuenta: 1005 | Operación: Retiro | Descripcion: Usuario ha realizado un retiro
[2025-05-18 16:26:10] Cuenta: 1005 | Operación: Error | Descripcion: Fallo al liberar semáforos
[2025-05-18 16:26:11] Cuenta: 1000 | Operación: Depósito | Descripcion: Usuario ha realizado un depósito
[2025-05-18 16:26:16] Cuenta: 1000 | Operación: Error | Descripcion: Fallo al liberar semáforos
[2025-05-18 16:26:42] Cuenta: 1001 | Operación: Retiro | Descripcion: Usuario ha realizado un retiro
[2025-05-18 16:26:47] Cuenta: 1001 | Operación: Error | Descripcion: Fallo al liberar semáforos
[2025-05-18 16:27:37] Cuenta: 1005 | Operación: Transferencia realizada | Descripcion: Transferencia realizada por usuario
[2025-05-18 16:27:37] Cuenta: 1001 | Operación: Transferencia recibida | Descripcion: Transferencia recibida por usuario
[2025-05-18 16:27:42] Cuenta: 1005 | Operación: Error | Descripcion: Fallo al liberar semáforos
[2025-05-18 16:28:07] Cuenta: 1000 | Operación: Retiro | Descripcion: Usuario ha realizado un retiro
[2025-05-18 16:28:12] Cuenta: 1000 | Operación: Error | Descripcion: Fallo al liberar semáforos
[2025-05-18 16:28:19] | Operación: Main | Descripcion: Cerrando terminales
[2025-05-18 16:28:25] | Operación: Main | Descripcion: Banco iniciado
[2025-05-18 16:28:25] | Tipo: Monitor | Descripcion: Activo, escuchando
[2025-05-18 16:28:25] | Tipo: Monitor | Descripcion: Alerta de anomalia retiro
[2025-05-18 17:14:06] | Operación: Main | Descripcion: Banco iniciado
[2025-05-18 17:14:06] | Tipo: Monitor | Descripcion: Activo, escuchando
[2025-05-18 17:14:06] | Tipo: Monitor | Descripcion: Alerta de anomalia retiro
[2025-05-18 17:14:16] | Operación: Login | Descripcion: Login exitoso
[2025-05-18 17:14:16] | Operación: Main | Descripcion: Abriendo terminal
[2025-05-18 17:14:34] | Operación: Login | Descripcion: Login exitoso
[2025-05-18 17:14:34] | Operación: Main | Descripcion: Abriendo terminal
[2025-05-18 17:14:49] | Operación: Login | Descripcion: Login exitoso
[2025-05-18 17:14:49] | Operación: Main | Descripcion: Abriendo terminal
[2025-05-18 17:15:17] Cuenta: 1000 | Operación: Depósito | Descripcion: Usuario ha realizado un depósito
[2025-05-18 17:15:32] Cuenta: 1001 | Operación: Depósito | Descripcion: Usuario ha realizado un depósito
[2025-05-18 17:15:37] Cuenta: 1001 | Operación: Error | Descripcion: Fallo al liberar semáforos
[2025-05-18 17:16:17] Cuenta: 1005 | Operación: Depósito | Descripcion: Usuario ha realizado un depósito
[2025-05-18 17:16:22] Cuenta: 1005 | Operación: Error | Descripcion: Fallo al liberar semáforos
[2025-05-18 17:16:57] Cuenta: 1005 | Operación: Retiro | Descripcion: Usuario ha realizado un retiro
[2025-05-18 17:17:02] Cuenta: 1005 | Operación: Error | Descripcion: Fallo al liberar semáforos
[2025-05-18 17:17:14] Cuenta: 1001 | Operación: Depósito | Descripcion: Usuario ha realizado un depósito
[2025-05-18 17:17:19] Cuenta: 1001 | Operación: Error | Descripcion: Fallo al liberar semáforos
[2025-05-18 17:17:53] Cuenta: 1000 | Operación: Retiro | Descripcion: Usuario ha realizado un retiro
[2025-05-18 17:17:58] Cuenta: 1000 | Operación: Error | Descripcion: Fallo al liberar semáforos
[2025-05-18 17:18:36] Cuenta: 1005 | Operación: Transferencia realizada | Descripcion: Transferencia realizada por usuario
[2025-05-18 17:18:36] Cuenta: 1000 | Operación: Transferencia recibida | Descripcion: Transferencia recibida por usuario
[2025-05-18 17:18:41] Cuenta: 1005 | Operación: Error | Descripcion: Fallo al liberar semáforos
[2025-05-18 17:18:54] Cuenta: 1005 | Operación: Error | Descripcion: Fallo al liberar semáforos
[2025-05-18 17:18:56] Cuenta: 1001 | Operación: Error | Descripcion: Fallo al liberar semáforos
[2025-05-18 17:18:57] Cuenta: 1000 | Operación: Error | Descripcion: Fallo al liberar semáforos
[2025-05-18 17:19:03] | Operación: Main | Descripcion: Cerrando terminales
[2025-05-18 17:19:10] | Operación: Main | Descripcion: Banco iniciado
[2025-05-18 17:19:10] | Tipo: Monitor | Descripcion: Activo, escuchando
[2025-05-18 17:19:10] | Tipo: Monitor | Descripcion: Alerta de anomalia retiro
[2025-05-18 17:28:33] | Operación: Main | Descripcion: Banco iniciado
[2025-05-18 17:28:33] | Tipo: Monitor | Descripcion: Activo, escuchando
[2025-05-18 17:28:33] | Tipo: Monitor | Descripcion: Alerta de anomalia retiro
[2025-05-18 17:28:44] | Operación: Login | Descripcion: Login exitoso
[2025-05-18 17:28:44] | Operación: Main | Descripcion: Abriendo terminal
[2025-05-18 17:28:56] Cuenta: 1000 | Operación: Depósito | Descripcion: Usuario ha realizado un depósito
[2025-05-18 17:29:15] | Operación: Login | Descripcion: Login exitoso
[2025-05-18 17:29:15] | Operación: Main | Descripcion: Abriendo terminal
[2025-05-18 17:29:30] | Operación: Login | Descripcion: Login exitoso
[2025-05-18 17:29:30] | Operación: Main | Descripcion: Abriendo terminal
[2025-05-18 17:30:01] Cuenta: 1001 | Operación: Retiro | Descripcion: Usuario ha realizado un retiro
[2025-05-18 17:30:37] Cuenta: 1005 | Operación: Retiro | Descripcion: Usuario ha realizado un retiro
[2025-05-18 17:30:42] Cuenta: 1005 | Operación: Error | Descripcion: Fallo al liberar semáforos
[2025-05-18 17:30:49] Cuenta: 1000 | Operación: Depósito | Descripcion: Usuario ha realizado un depósito
[2025-05-18 17:30:54] Cuenta: 1000 | Operación: Error | Descripcion: Fallo al liberar semáforos
[2025-05-18 17:31:07] Cuenta: 1001 | Operación: Depósito | Descripcion: Usuario ha realizado un depósito
[2025-05-18 17:31:12] Cuenta: 1001 | Operación: Error | Descripcion: Fallo al liberar semáforos
[2025-05-18 17:32:03] Cuenta: 1005 | Operación: Transferencia realizada | Descripcion: Transferencia realizada por usuario
[2025-05-18 17:32:03] Cuenta: 1000 | Operación: Transferencia recibida | Descripcion: Transferencia recibida por usuario
[2025-05-18 17:32:08] Cuenta: 1005 | Operación: Error | Descripcion: Fallo al liberar semáforos
[2025-05-18 17:32:13] | Operación: Main | Descripcion: Cerrando terminales
[2025-05-18 17:32:18] | Operación: Main | Descripcion: Banco iniciado
[2025-05-18 17:32:18] | Tipo: Monitor | Descripcion: Activo, escuchando
[2025-05-18 17:32:18] | Tipo: Monitor | Descripcion: Alerta de anomalia retiro
[2025-05-19 12:26:37] | Operación: Main | Descripcion: Banco iniciado
[2025-05-19 12:26:37] | Tipo: Monitor | Descripcion: Activo, escuchando
[2025-05-19 12:26:37] | Tipo: Monitor | Descripcion: Alerta de anomalia retiro
[2025-05-19 12:26:53] | Operación: Login | Descripcion: Login exitoso
[2025-05-19 12:26:53] | Operación: Main | Descripcion: Abriendo terminal
[2025-05-19 12:26:57] | Operación: Main | Descripcion: Error de usuario opcion del menu
[2025-05-19 12:26:59] | Operación: Main | Descripcion: Error de usuario opcion del menu
[2025-05-19 12:27:01] | Operación: Main | Descripcion: Error de usuario opcion del menu
[2025-05-19 12:27:03] | Operación: Main | Descripcion: Error de usuario opcion del menu
[2025-05-19 12:27:05] | Operación: Main | Descripcion: Error de usuario opcion del menu
[2025-05-19 12:27:07] | Operación: Main | Descripcion: Error de usuario opcion del menu
[2025-05-19 12:27:09] | Operación: Main | Descripcion: Error de usuario opcion del menu
[2025-05-19 12:27:11] | Operación: Main | Descripcion: Error de usuario opcion del menu
[2025-05-19 12:27:13] | Operación: Main | Descripcion: Error de usuario opcion del menu
[2025-05-19 12:27:15] | Operación: Main | Descripcion: Error de usuario opcion del menu
[2025-05-19 12:27:17] | Operación: Main | Descripcion: Error de usuario opcion del menu
[2025-05-19 12:27:19] | Operación: Main | Descripcion: Error de usuario opcion del menu
[2025-05-19 12:27:21] | Operación: Main | Descripcion: Error de usuario opcion del menu
[2025-05-19 12:27:23] | Operación: Main | Descripcion: Error de usuario opcion del menu
[2025-05-19 12:27:25] | Operación: Main | Descripcion: Error de usuario opcion del menu
[2025-05-19 12:27:46] | Operación: Main | Descripcion: Banco iniciado
[2025-05-19 12:27:46] | Tipo: Monitor | Descripcion: Activo, escuchando
[2025-05-19 12:27:46] | Tipo: Monitor | Descripcion: Alerta de anomalia retiro
[2025-05-19 12:27:58] | Operación: Login | Descripcion: Login exitoso
[2025-05-19 12:27:58] | Operación: Main | Descripcion: Abriendo terminal
[2025-05-19 12:29:03] Cuenta: 1000 | Operación: Depósito | Descripcion: Usuario ha realizado un depósito
[2025-05-19 12:30:28] Cuenta: 1000 | Operación: Retiro | Descripcion: Usuario ha realizado un retiro
[2025-05-19 12:30:33] Cuenta: 1000 | Operación: Error | Descripcion: Fallo al liberar semáforos
[2025-05-19 12:32:56] | Operación: Login | Descripcion: Login exitoso
[2025-05-19 12:32:56] | Operación: Main | Descripcion: Abriendo terminal
[2025-05-19 12:33:08] | Operación: Login | Descripcion: Login exitoso
[2025-05-19 12:33:08] | Operación: Main | Descripcion: Abriendo terminal
[2025-05-19 12:33:36] Cuenta: 1001 | Operación: Depósito | Descripcion: Usuario ha realizado un depósito
[2025-05-19 12:34:25] Cuenta: 1005 | Operación: Transferencia realizada | Descripcion: Transferencia realizada por usuario
[2025-05-19 12:34:25] Cuenta: 1000 | Operación: Transferencia recibida | Descripcion: Transferencia recibida por usuario
[2025-05-19 12:34:30] Cuenta: 1005 | Operación: Error | Descripcion: Fallo al liberar semáforos
[2025-05-19 12:35:41] | Operación: Main | Descripcion: Banco iniciado
[2025-05-19 12:35:41] | Tipo: Monitor | Descripcion: Activo, escuchando
[2025-05-19 12:35:41] | Tipo: Monitor | Descripcion: Alerta de anomalia retiro
[2025-05-19 12:46:20] | Operación: Main | Descripcion: Banco iniciado
[2025-05-19 12:46:20] | Tipo: Monitor | Descripcion: Activo, escuchando
[2025-05-19 12:46:20] | Tipo: Monitor | Descripcion: Alerta de anomalia retiro
[2025-05-19 12:46:28] | Operación: Main | Descripcion: Error de usuario opcion del menu
[2025-05-19 12:46:34] | Operación: Login | Descripcion: Login exitoso
[2025-05-19 12:46:34] | Operación: Main | Descripcion: Abriendo terminal
[2025-05-19 12:47:00] Cuenta: 1000 | Operación: Depósito | Descripcion: Usuario ha realizado un depósito
[2025-05-19 12:47:47] Cuenta: 1000 | Operación: Retiro | Descripcion: Usuario ha realizado un retiro
[2025-05-19 12:47:52] Cuenta: 1000 | Operación: Error | Descripcion: Fallo al liberar semáforos
[2025-05-19 12:48:13] Cuenta: 1000 | Operación: Consulta | Descripcion: Consulta de saldo realizada
[2025-05-19 12:48:18] Cuenta: 1000 | Operación: Error | Descripcion: Fallo al liberar semáforos
[2025-05-19 12:48:29] | Operación: Login | Descripcion: Login exitoso
[2025-05-19 12:48:29] | Operación: Main | Descripcion: Abriendo terminal
[2025-05-19 12:49:03] Cuenta: 1001 | Operación: Depósito | Descripcion: Usuario ha realizado un depósito
[2025-05-19 16:17:37] | Operación: Main | Descripcion: Banco iniciado
[2025-05-19 16:17:37] | Tipo: Monitor | Descripcion: Activo, escuchando
[2025-05-19 16:17:37] | Tipo: Monitor | Descripcion: Alerta de anomalia retiro
[2025-05-19 16:17:50] | Operación: Login | Descripcion: Login exitoso
[2025-05-19 16:17:50] | Operación: Main | Descripcion: Abriendo terminal
[2025-05-19 16:18:18] Cuenta: 1000 | Operación: Depósito | Descripcion: Usuario ha realizado un depósito
[2025-05-19 16:18:30] | Operación: Login | Descripcion: Login exitoso
[2025-05-19 16:18:30] | Operación: Main | Descripcion: Abriendo terminal
[2025-05-19 16:19:13] Cuenta: 1001 | Operación: Retiro | Descripcion: Usuario ha realizado un retiro
[2025-05-19 16:20:33] Cuenta: 1001 | Operación: Transferencia realizada | Descripcion: Transferencia realizada por usuario
[2025-05-19 16:20:33] Cuenta: 1000 | Operación: Transferencia recibida | Descripcion: Transferencia recibida por usuario
[2025-05-19 16:20:38] Cuenta: 1001 | Operación: Error | Descripcion: Fallo al liberar semáforos
[2025-05-19 16:20:41] Cuenta: 1001 | Operación: Error | Descripcion: Fallo al liberar semáforos
[2025-05-19 16:20:43] | Operación: Main | Descripcion: Cerrando terminales
[2025-05-19 16:20:48] | Operación: Main | Descripcion: Banco iniciado
[2025-05-19 16:20:48] | Tipo: Monitor | Descripcion: Activo, escuchando
[2025-05-19 16:20:48] | Tipo: Monitor | Descripcion: Alerta de anomalia retiro
[2025-05-19 16:28:53] | Operación: Main | Descripcion: Banco iniciado
[2025-05-19 16:28:53] | Tipo: Monitor | Descripcion: Activo, escuchando
[2025-05-19 16:28:53] | Tipo: Monitor | Descripcion: Alerta de anomalia retiro
[2025-05-19 16:29:07] | Operación: Login | Descripcion: Login exitoso
[2025-05-19 16:29:07] | Operación: Main | Descripcion: Abriendo terminal
[2025-05-19 16:29:32] | Operación: Login | Descripcion: Login exitoso
[2025-05-19 16:29:32] | Operación: Main | Descripcion: Abriendo terminal
[2025-05-19 16:29:42] | Operación: Main | Descripcion: Error de usuario opcion del menu
[2025-05-19 16:29:55] | Operación: Main | Descripcion: Banco iniciado
[2025-05-19 16:29:55] | Tipo: Monitor | Descripcion: Activo, escuchando
[2025-05-19 16:29:55] | Tipo: Monitor | Descripcion: Alerta de anomalia retiro
[2025-05-19 16:30:06] | Operación: Login | Descripcion: Login exitoso
[2025-05-19 16:30:06] | Operación: Main | Descripcion: Abriendo terminal
[2025-05-19 16:33:38] | Operación: Main | Descripcion: Banco iniciado
[2025-05-19 16:33:38] | Tipo: Monitor | Descripcion: Activo, escuchando
[2025-05-19 16:33:38] | Tipo: Monitor | Descripcion: Alerta de anomalia retiro
[2025-05-19 16:33:45] | Operación: Login | Descripcion: Login exitoso
[2025-05-19 16:33:45] | Operación: Main | Descripcion: Abriendo terminal
[2025-05-19 16:33:55] | Operación: Main | Descripcion: Cerrando terminales
[2025-05-19 16:46:14] | Operación: Main | Descripcion: Banco iniciado
[2025-05-19 16:46:14] | Tipo: Monitor | Descripcion: Activo, escuchando
[2025-05-19 16:46:14] | Tipo: Monitor | Descripcion: Alerta de anomalia retiro
[2025-05-19 16:46:23] | Operación: Login | Descripcion: Login exitoso
[2025-05-19 16:46:23] | Operación: Main | Descripcion: Abriendo terminal
[2025-05-19 16:46:41] | Operación: Main | Descripcion: Banco iniciado
[2025-05-19 16:46:41] | Tipo: Monitor | Descripcion: Activo, escuchando
[2025-05-19 16:46:41] | Tipo: Monitor | Descripcion: Alerta de anomalia retiro
[2025-05-19 16:46:44] | Operación: Main | Descripcion: Cerrando terminales
[2025-05-19 16:46:50] | Operación: Main | Descripcion: Banco iniciado
[2025-05-19 16:46:50] | Tipo: Monitor | Descripcion: Activo, escuchando
[2025-05-19 16:46:50] | Tipo: Monitor | Descripcion: Alerta de anomalia retiro
[2025-05-19 16:46:57] | Operación: Login | Descripcion: Login exitoso
[2025-05-19 16:46:57] | Operación: Main | Descripcion: Abriendo terminal
[2025-05-19 16:47:06] | Operación: Main | Descripcion: Error de usuario opcion del menu
[2025-05-19 16:47:08] | Operación: Main | Descripcion: Error de usuario opcion del menu
[2025-05-19 16:47:10] | Operación: Main | Descripcion: Error de usuario opcion del menu
[2025-05-19 16:47:12] | Operación: Main | Descripcion: Error de usuario opcion del menu
[2025-05-19 16:47:14] | Operación: Main | Descripcion: Error de usuario opcion del menu
[2025-05-19 16:47:16] | Operación: Main | Descripcion: Error de usuario opcion del menu
[2025-05-19 16:54:43] | Operación: Main | Descripcion: Banco iniciado
[2025-05-19 16:54:43] | Tipo: Monitor | Descripcion: Activo, escuchando
[2025-05-19 16:54:43] | Tipo: Monitor | Descripcion: Alerta de anomalia retiro
[2025-05-19 16:54:51] | Operación: Login | Descripcion: Login exitoso
[2025-05-19 16:54:51] | Operación: Main | Descripcion: Abriendo terminal
[2025-05-19 16:55:30] Cuenta: 1000 | Operación: Depósito | Descripcion: Usuario ha realizado un depósito
[2025-05-19 16:55:34] | Operación: Login | Descripcion: Login exitoso
[2025-05-19 16:55:34] | Operación: Main | Descripcion: Abriendo terminal
[2025-05-19 16:56:22] Cuenta: 1001 | Operación: Retiro | Descripcion: Usuario ha realizado un retiro
[2025-05-19 16:56:27] Cuenta: 1001 | Operación: Error | Descripcion: Fallo al liberar semáforos
[2025-05-19 16:56:45] | Operación: Main | Descripcion: Cerrando terminales
[2025-05-19 16:56:49] | Operación: Main | Descripcion: Banco iniciado
[2025-05-19 16:56:49] | Tipo: Monitor | Descripcion: Activo, escuchando
[2025-05-19 16:56:49] | Tipo: Monitor | Descripcion: Alerta de anomalia retiro
[2025-05-19 16:57:07] | Operación: Login | Descripcion: Login exitoso
[2025-05-19 16:57:07] | Operación: Main | Descripcion: Abriendo terminal
[2025-05-19 16:58:09] Cuenta: 1001 | Operación: Retiro | Descripcion: Usuario ha realizado un retiro
[2025-05-19 16:58:17] Cuenta: 1001 | Operación: Error | Descripcion: Fallo al liberar semáforos
[2025-05-19 16:58:21] | Operación: Main | Descripcion: Cerrando terminales
[2025-05-19 16:58:25] | Operación: Main | Descripcion: Banco iniciado
[2025-05-19 16:58:25] | Tipo: Monitor | Descripcion: Activo, escuchando
[2025-05-19 16:58:25] | Tipo: Monitor | Descripcion: Alerta de anomalia retiro
[2025-05-19 17:13:08] | Operación: Main | Descripcion: Banco iniciado
[2025-05-19 17:13:08] | Tipo: Monitor | Descripcion: Activo, escuchando
[2025-05-19 17:13:08] | Tipo: Monitor | Descripcion: Alerta de anomalia retiro
[2025-05-19 17:13:16] | Operación: Login | Descripcion: Login exitoso
[2025-05-19 17:13:16] | Operación: Main | Descripcion: Abriendo terminal
[2025-05-19 17:13:22] Cuenta: 1000 | Operación: Depósito | Descripcion: Usuario ha realizado un depósito
[2025-05-19 17:13:40] | Operación: Login | Descripcion: Login exitoso
[2025-05-19 17:13:40] | Operación: Main | Descripcion: Abriendo terminal
[2025-05-19 17:13:47] Cuenta: 1001 | Operación: Depósito | Descripcion: Usuario ha realizado un depósito
[2025-05-19 17:14:08] Cuenta: 1000 | Operación: Consulta | Descripcion: Consulta de saldo realizada
[2025-05-19 17:14:13] Cuenta: 1000 | Operación: Error | Descripcion: Fallo al liberar semáforos
[2025-05-19 17:14:18] | Operación: Main | Descripcion: Cerrando terminales
[2025-05-19 17:14:23] | Operación: Main | Descripcion: Banco iniciado
[2025-05-19 17:14:23] | Tipo: Monitor | Descripcion: Activo, escuchando
[2025-05-19 17:14:23] | Tipo: Monitor | Descripcion: Alerta de anomalia retiro
[2025-05-19 17:15:02] | Operación: Login | Descripcion: Cuenta no encontrada
[2025-05-19 17:15:02] | Operación: Login | Descripcion: Cuenta no encontrada
[2025-05-19 17:15:02] | Operación: Login | Descripcion: Cuenta no encontrada
[2025-05-19 17:15:02] | Operación: Login | Descripcion: Demasiados intentos de login
[2025-05-19 17:21:28] | Operación: Main | Descripcion: Banco iniciado
[2025-05-19 17:21:28] | Tipo: Monitor | Descripcion: Activo, escuchando
[2025-05-19 17:21:28] | Tipo: Monitor | Descripcion: Alerta de anomalia retiro
[2025-05-19 17:21:38] | Operación: Login | Descripcion: Login exitoso
[2025-05-19 17:21:38] | Operación: Main | Descripcion: Abriendo terminal
[2025-05-19 17:21:48] | Operación: Login | Descripcion: Login exitoso
[2025-05-19 17:21:48] | Operación: Main | Descripcion: Abriendo terminal
[2025-05-19 17:22:27] Cuenta: 1000 | Operación: Depósito | Descripcion: Usuario ha realizado un depósito
[2025-05-19 17:22:50] Cuenta: 1000 | Operación: Depósito | Descripcion: Usuario ha realizado un depósito
[2025-05-19 17:22:55] Cuenta: 1000 | Operación: Error | Descripcion: Fallo al liberar semáforos
[2025-05-19 17:23:12] Cuenta: 1005 | Operación: Depósito | Descripcion: Usuario ha realizado un depósito
[2025-05-19 17:23:17] Cuenta: 1005 | Operación: Error | Descripcion: Fallo al liberar semáforos
[2025-05-19 17:24:25] Cuenta: 1005 | Operación: Transferencia realizada | Descripcion: Transferencia realizada por usuario
[2025-05-19 17:24:25] Cuenta: 1005 | Operación: Transferencia recibida | Descripcion: Transferencia recibida por usuario
[2025-05-19 17:24:30] Cuenta: 1005 | Operación: Error | Descripcion: Fallo al liberar semáforos
[2025-05-19 17:24:49] Cuenta: 1005 | Operación: Consulta | Descripcion: Consulta de saldo realizada
[2025-05-19 17:24:54] Cuenta: 1005 | Operación: Error | Descripcion: Fallo al liberar semáforos
[2025-05-19 17:25:33] | Operación: Main | Descripcion: Cerrando terminales
[2025-05-19 17:25:39] | Operación: Main | Descripcion: Banco iniciado
[2025-05-19 17:25:39] | Tipo: Monitor | Descripcion: Activo, escuchando
[2025-05-19 17:25:39] | Tipo: Monitor | Descripcion: Alerta de anomalia retiro
[2025-05-19 17:26:10] | Operación: Login | Descripcion: Login exitoso
[2025-05-19 17:26:10] | Operación: Main | Descripcion: Abriendo terminal
[2025-05-19 17:27:02] | Operación: Login | Descripcion: Cuenta no encontrada
[2025-05-19 17:27:07] | Operación: Login | Descripcion: Login exitoso
[2025-05-19 17:27:07] | Operación: Main | Descripcion: Abriendo terminal
[2025-05-19 17:27:58] | Operación: Login | Descripcion: Login exitoso
[2025-05-19 17:27:58] | Operación: Main | Descripcion: Abriendo terminal
[2025-05-19 17:28:22] Cuenta: 1000 | Operación: Depósito | Descripcion: Usuario ha realizado un depósito
[2025-05-19 17:28:49] Cuenta: 1001 | Operación: Depósito | Descripcion: Usuario ha realizado un depósito
[2025-05-19 17:28:54] Cuenta: 1001 | Operación: Error | Descripcion: Fallo al liberar semáforos
[2025-05-19 17:29:25] | Operación: Login | Descripcion: Login exitoso
[2025-05-19 17:29:25] | Operación: Main | Descripcion: Abriendo terminal
[2025-05-19 17:29:33] | Operación: Main | Descripcion: Cerrando terminales
[2025-05-19 17:30:01] | Operación: Main | Descripcion: Banco iniciado
[2025-05-19 17:30:01] | Tipo: Monitor | Descripcion: Activo, escuchando
[2025-05-19 17:30:01] | Tipo: Monitor | Descripcion: Alerta de anomalia retiro
[2025-05-19 17:30:12] | Operación: Login | Descripcion: Login exitoso
[2025-05-19 17:30:12] | Operación: Main | Descripcion: Abriendo terminal
[2025-05-19 17:30:29] Cuenta: 1001 | Operación: Depósito | Descripcion: Usuario ha realizado un depósito
[2025-05-19 17:30:51] Cuenta: 1001 | Operación: Depósito | Descripcion: Usuario ha realizado un depósito
[2025-05-19 17:30:56] Cuenta: 1001 | Operación: Error | Descripcion: Fallo al liberar semáforos
[2025-05-19 17:31:21] Cuenta: 1001 | Operación: Depósito | Descripcion: Usuario ha realizado un depósito
[2025-05-19 17:31:26] Cuenta: 1001 | Operación: Error | Descripcion: Fallo al liberar semáforos
[2025-05-19 17:31:42] Cuenta: 1001 | Operación: Depósito | Descripcion: Usuario ha realizado un depósito
[2025-05-19 17:31:47] Cuenta: 1001 | Operación: Error | Descripcion: Fallo al liberar semáforos
[2025-05-19 17:32:26] Cuenta: 1001 | Operación: Retiro | Descripcion: Usuario ha realizado un retiro
[2025-05-19 17:32:31] Cuenta: 1001 | Operación: Error | Descripcion: Fallo al liberar semáforos
[2025-05-19 17:32:47] Cuenta: 1001 | Operación: Depósito | Descripcion: Usuario ha realizado un depósito
[2025-05-19 17:32:52] Cuenta: 1001 | Operación: Error | Descripcion: Fallo al liberar semáforos
[2025-05-19 17:33:09] Cuenta: 1001 | Operación: Depósito | Descripcion: Usuario ha realizado un depósito
[2025-05-19 17:33:14] Cuenta: 1001 | Operación: Error | Descripcion: Fallo al liberar semáforos
[2025-05-19 17:33:42] Cuenta: 1001 | Operación: Depósito | Descripcion: Usuario ha realizado un depósito
[2025-05-19 17:33:47] Cuenta: 1001 | Operación: Error | Descripcion: Fallo al liberar semáforos
[2025-05-19 17:34:04] Cuenta: 1001 | Operación: Depósito | Descripcion: Usuario ha realizado un depósito
[2025-05-19 17:34:09] Cuenta: 1001 | Operación: Error | Descripcion: Fallo al liberar semáforos
[2025-05-19 17:34:10] | Operación: Login | Descripcion: Login exitoso
[2025-05-19 17:34:10] | Operación: Main | Descripcion: Abriendo terminal
[2025-05-19 17:34:26] Cuenta: 1000 | Operación: Depósito | Descripcion: Usuario ha realizado un depósito
[2025-05-19 17:34:44] Cuenta: 1001 | Operación: Depósito | Descripcion: Usuario ha realizado un depósito
[2025-05-19 17:34:47] | Operación: Main | Descripcion: Cerrando terminales
[2025-05-19 17:34:49] Cuenta: 1001 | Operación: Error | Descripcion: Fallo al liberar semáforos
[2025-05-19 17:34:52] | Operación: Main | Descripcion: Banco iniciado
[2025-05-19 17:34:52] | Tipo: Monitor | Descripcion: Activo, escuchando
[2025-05-19 17:34:52] | Tipo: Monitor | Descripcion: Alerta de anomalia retiro
[2025-05-19 17:36:43] | Operación: Main | Descripcion: Banco iniciado
[2025-05-19 17:36:43] | Tipo: Monitor | Descripcion: Activo, escuchando
[2025-05-19 17:36:43] | Tipo: Monitor | Descripcion: Alerta de anomalia retiro
[2025-05-19 17:37:01] | Operación: Login | Descripcion: Login exitoso
[2025-05-19 17:37:01] | Operación: Main | Descripcion: Abriendo terminal
[2025-05-19 17:37:18] | Operación: Login | Descripcion: Login exitoso
[2025-05-19 17:37:18] | Operación: Main | Descripcion: Abriendo terminal
[2025-05-19 17:37:46] Cuenta: 1000 | Operación: Consulta | Descripcion: Consulta de saldo realizada
[2025-05-19 17:38:14] Cuenta: 1000 | Operación: Depósito | Descripcion: Usuario ha realizado un depósito
[2025-05-19 17:38:19] Cuenta: 1000 | Operación: Error | Descripcion: Fallo al liberar semáforos
[2025-05-19 17:38:40] Cuenta: 1000 | Operación: Consulta | Descripcion: Consulta de saldo realizada
[2025-05-19 17:38:45] Cuenta: 1000 | Operación: Error | Descripcion: Fallo al liberar semáforos
[2025-05-19 17:39:36] Cuenta: 1001 | Operación: Retiro | Descripcion: Usuario ha realizado un retiro
[2025-05-19 17:39:41] Cuenta: 1001 | Operación: Error | Descripcion: Fallo al liberar semáforos
[2025-05-19 17:39:58] Cuenta: 1001 | Operación: Depósito | Descripcion: Usuario ha realizado un depósito
[2025-05-19 17:40:03] Cuenta: 1001 | Operación: Error | Descripcion: Fallo al liberar semáforos
[2025-05-19 17:40:26] Cuenta: 1001 | Operación: Depósito | Descripcion: Usuario ha realizado un depósito
[2025-05-19 17:40:31] Cuenta: 1001 | Operación: Error | Descripcion: Fallo al liberar semáforos
[2025-05-19 17:41:50] Cuenta: 1000 | Operación: Transferencia realizada | Descripcion: Transferencia realizada por usuario
[2025-05-19 17:41:50] Cuenta: 1005 | Operación: Transferencia recibida | Descripcion: Transferencia recibida por usuario
[2025-05-19 17:41:55] Cuenta: 1000 | Operación: Error | Descripcion: Fallo al liberar semáforos
[2025-05-19 17:42:16] Cuenta: 1001 | Operación: Depósito | Descripcion: Usuario ha realizado un depósito
[2025-05-19 17:42:21] Cuenta: 1001 | Operación: Error | Descripcion: Fallo al liberar semáforos
[2025-05-19 17:42:50] Cuenta: 1000 | Operación: Retiro | Descripcion: Usuario ha realizado un retiro
[2025-05-19 17:42:55] Cuenta: 1000 | Operación: Error | Descripcion: Fallo al liberar semáforos
[2025-05-19 17:42:56] Cuenta: 1001 | Operación: Error | Descripcion: Fallo al liberar semáforos
[2025-05-19 17:42:58] Cuenta: 1000 | Operación: Error | Descripcion: Fallo al liberar semáforos
[2025-05-19 17:43:02] | Operación: Main | Descripcion: Cerrando terminales
[2025-05-19 17:43:06] | Operación: Main | Descripcion: Banco iniciado
[2025-05-19 17:43:06] | Tipo: Monitor | Descripcion: Activo, escuchando
[2025-05-19 17:43:06] | Tipo: Monitor | Descripcion: Alerta de anomalia retiro
[2025-05-19 17:45:19] | Operación: Main | Descripcion: Banco iniciado
[2025-05-19 17:45:19] | Tipo: Monitor | Descripcion: Activo, escuchando
[2025-05-19 17:45:19] | Tipo: Monitor | Descripcion: Alerta de anomalia retiro
[2025-05-19 17:45:24] | Operación: Login | Descripcion: Cuenta no encontrada
[2025-05-19 17:45:24] | Operación: Login | Descripcion: Cuenta no encontrada
[2025-05-19 17:45:24] | Operación: Login | Descripcion: Cuenta no encontrada
[2025-05-19 17:45:24] | Operación: Login | Descripcion: Demasiados intentos de login
[2025-05-19 17:45:26] | Operación: Main | Descripcion: Error de usuario opcion del menu
[2025-05-19 17:45:29] | Operación: Main | Descripcion: Banco iniciado
[2025-05-19 17:45:29] | Tipo: Monitor | Descripcion: Activo, escuchando
[2025-05-19 17:45:29] | Tipo: Monitor | Descripcion: Alerta de anomalia retiro
[2025-05-19 17:45:32] | Operación: Main | Descripcion: Error de usuario opcion del menu
[2025-05-19 17:45:37] | Operación: Login | Descripcion: Cuenta no encontrada
[2025-05-19 17:45:44] | Operación: Login | Descripcion: Login exitoso
[2025-05-19 17:45:44] | Operación: Main | Descripcion: Abriendo terminal
[2025-05-19 17:46:00] Cuenta: 1000 | Operación: Depósito | Descripcion: Usuario ha realizado un depósito
[2025-05-19 17:50:55] | Operación: Main | Descripcion: Banco iniciado
[2025-05-19 17:50:55] | Tipo: Monitor | Descripcion: Activo, escuchando
[2025-05-19 17:50:55] | Tipo: Monitor | Descripcion: Alerta de anomalia retiro
[2025-05-19 17:51:03] | Operación: Login | Descripcion: Login exitoso
[2025-05-19 17:51:03] | Operación: Main | Descripcion: Abriendo terminal
[2025-05-19 17:51:25] Cuenta: 1000 | Operación: Retiro | Descripcion: Usuario ha realizado un retiro
[2025-05-19 17:54:46] | Operación: Main | Descripcion: Banco iniciado
[2025-05-19 17:54:46] | Tipo: Monitor | Descripcion: Activo, escuchando
[2025-05-19 17:54:46] | Tipo: Monitor | Descripcion: Alerta de anomalia retiro
[2025-05-19 17:54:56] | Operación: Login | Descripcion: Login exitoso
[2025-05-19 17:54:56] | Operación: Main | Descripcion: Abriendo terminal
[2025-05-19 17:55:17] Cuenta: 1005 | Operación: Depósito | Descripcion: Usuario ha realizado un depósito
[2025-05-19 17:55:44] Cuenta: 1005 | Operación: Error | Descripcion: Fallo al liberar semáforos
[2025-05-19 17:55:47] | Operación: Main | Descripcion: Cerrando terminales
[2025-05-19 17:55:52] | Operación: Main | Descripcion: Banco iniciado
[2025-05-19 17:55:52] | Tipo: Monitor | Descripcion: Activo, escuchando
[2025-05-19 17:55:52] | Tipo: Monitor | Descripcion: Alerta de anomalia retiro
[2025-05-19 18:08:47] | Operación: Main | Descripcion: Banco iniciado
[2025-05-19 18:08:47] | Tipo: Monitor | Descripcion: Activo, escuchando
[2025-05-19 18:08:47] | Tipo: Monitor | Descripcion: Alerta de anomalia retiro
[2025-05-19 18:08:57] | Operación: Login | Descripcion: Login exitoso
[2025-05-19 18:08:57] | Operación: Main | Descripcion: Abriendo terminal
[2025-05-19 18:09:16] Cuenta: 1005 | Operación: Depósito | Descripcion: Usuario ha realizado un depósito
[2025-05-19 18:09:30] | Operación: Main | Descripcion: Cerrando terminales
[2025-05-19 18:09:34] | Operación: Main | Descripcion: Banco iniciado
[2025-05-19 18:09:34] | Tipo: Monitor | Descripcion: Activo, escuchando
[2025-05-19 18:09:34] | Tipo: Monitor | Descripcion: Alerta de anomalia retiro
[2025-05-19 18:14:46] | Operación: Main | Descripcion: Banco iniciado
[2025-05-19 18:14:46] | Tipo: Monitor | Descripcion: Activo, escuchando
[2025-05-19 18:14:46] | Tipo: Monitor | Descripcion: Alerta de anomalia retiro
[2025-05-19 18:14:54] | Operación: Login | Descripcion: Login exitoso
[2025-05-19 18:14:54] | Operación: Main | Descripcion: Abriendo terminal
[2025-05-19 18:15:10] Cuenta: 1005 | Operación: Depósito | Descripcion: Usuario ha realizado un depósito
[2025-05-19 18:15:17] Cuenta: 1005 | Operación: Error | Descripcion: Fallo al liberar semáforos
[2025-05-19 18:15:23] | Operación: Main | Descripcion: Cerrando terminales
[2025-05-19 18:15:27] | Operación: Main | Descripcion: Banco iniciado
[2025-05-19 18:15:27] | Tipo: Monitor | Descripcion: Activo, escuchando
[2025-05-19 18:15:27] | Tipo: Monitor | Descripcion: Alerta de anomalia retiro
[2025-05-19 18:15:29] | Operación: Main | Descripcion: Error de usuario opcion del menu
[2025-05-19 18:20:58] | Operación: Main | Descripcion: Banco iniciado
[2025-05-19 18:20:58] | Tipo: Monitor | Descripcion: Activo, escuchando
[2025-05-19 18:20:58] | Tipo: Monitor | Descripcion: Alerta de anomalia retiro
[2025-05-19 18:21:04] | Operación: Login | Descripcion: Login exitoso
[2025-05-19 18:21:04] | Operación: Main | Descripcion: Abriendo terminal
[2025-05-19 18:21:28] Cuenta: 1005 | Operación: Depósito | Descripcion: Usuario ha realizado un depósito
[2025-05-19 18:21:42] Cuenta: 1005 | Operación: Error | Descripcion: Fallo al liberar semáforos
[2025-05-19 18:21:46] | Operación: Main | Descripcion: Cerrando terminales
[2025-05-19 18:21:50] | Operación: Main | Descripcion: Banco iniciado
[2025-05-19 18:21:50] | Tipo: Monitor | Descripcion: Activo, escuchando
[2025-05-19 18:21:50] | Tipo: Monitor | Descripcion: Alerta de anomalia retiro
[2025-05-19 18:22:42] | Operación: Main | Descripcion: Banco iniciado
[2025-05-19 18:22:42] | Tipo: Monitor | Descripcion: Activo, escuchando
[2025-05-19 18:22:42] | Tipo: Monitor | Descripcion: Alerta de anomalia retiro
[2025-05-19 18:22:48] | Operación: Login | Descripcion: Login exitoso
[2025-05-19 18:22:48] | Operación: Main | Descripcion: Abriendo terminal
[2025-05-19 18:23:22] Cuenta: 1005 | Operación: Retiro | Descripcion: Usuario ha realizado un retiro
[2025-05-19 18:25:32] | Operación: Main | Descripcion: Banco iniciado
[2025-05-19 18:25:32] | Tipo: Monitor | Descripcion: Activo, escuchando
[2025-05-19 18:25:32] | Tipo: Monitor | Descripcion: Alerta de anomalia retiro
[2025-05-19 18:25:42] | Operación: Login | Descripcion: Login exitoso
[2025-05-19 18:25:42] | Operación: Main | Descripcion: Abriendo terminal
[2025-05-19 18:26:24] Cuenta: 1005 | Operación: Retiro | Descripcion: Usuario ha realizado un retiro
[2025-05-19 18:26:45] Cuenta: 1005 | Operación: Error | Descripcion: Fallo al liberar semáforos
[2025-05-19 18:26:49] | Operación: Main | Descripcion: Cerrando terminales
[2025-05-19 18:26:53] | Operación: Main | Descripcion: Banco iniciado
[2025-05-19 18:26:53] | Tipo: Monitor | Descripcion: Activo, escuchando
[2025-05-19 18:26:53] | Tipo: Monitor | Descripcion: Alerta de anomalia retiro
[2025-05-19 18:27:35] | Operación: Login | Descripcion: Login exitoso
[2025-05-19 18:27:35] | Operación: Main | Descripcion: Abriendo terminal
[2025-05-19 18:27:55] Cuenta: 1005 | Operación: Depósito | Descripcion: Usuario ha realizado un depósito
[2025-05-19 18:28:15] Cuenta: 1005 | Operación: Depósito | Descripcion: Usuario ha realizado un depósito
[2025-05-19 18:28:20] Cuenta: 1005 | Operación: Error | Descripcion: Fallo al liberar semáforos
[2025-05-19 18:28:37] | Operación: Login | Descripcion: Login exitoso
[2025-05-19 18:28:37] | Operación: Main | Descripcion: Abriendo terminal
[2025-05-19 18:29:09] Cuenta: 1000 | Operación: Depósito | Descripcion: Usuario ha realizado un depósito
[2025-05-19 18:29:31] Cuenta: 1005 | Operación: Depósito | Descripcion: Usuario ha realizado un depósito
[2025-05-19 18:29:36] Cuenta: 1005 | Operación: Error | Descripcion: Fallo al liberar semáforos
[2025-05-19 18:29:50] Cuenta: 1000 | Operación: Depósito | Descripcion: Usuario ha realizado un depósito
[2025-05-19 18:29:55] Cuenta: 1000 | Operación: Error | Descripcion: Fallo al liberar semáforos
[2025-05-19 18:30:03] Cuenta: 1005 | Operación: Depósito | Descripcion: Usuario ha realizado un depósito
[2025-05-19 18:30:08] Cuenta: 1005 | Operación: Error | Descripcion: Fallo al liberar semáforos
[2025-05-19 18:30:42] Cuenta: 1005 | Operación: Depósito | Descripcion: Usuario ha realizado un depósito
[2025-05-19 18:30:47] Cuenta: 1005 | Operación: Error | Descripcion: Fallo al liberar semáforos
[2025-05-19 18:31:02] Cuenta: 1000 | Operación: Depósito | Descripcion: Usuario ha realizado un depósito
[2025-05-19 18:31:07] Cuenta: 1000 | Operación: Error | Descripcion: Fallo al liberar semáforos
[2025-05-19 18:31:08] Cuenta: 1005 | Operación: Depósito | Descripcion: Usuario ha realizado un depósito
[2025-05-19 18:31:13] Cuenta: 1005 | Operación: Error | Descripcion: Fallo al liberar semáforos
[2025-05-19 18:31:27] Cuenta: 1000 | Operación: Depósito | Descripcion: Usuario ha realizado un depósito
[2025-05-19 18:31:32] Cuenta: 1000 | Operación: Error | Descripcion: Fallo al liberar semáforos
[2025-05-19 18:31:48] Cuenta: 1005 | Operación: Depósito | Descripcion: Usuario ha realizado un depósito
[2025-05-19 18:31:53] Cuenta: 1005 | Operación: Error | Descripcion: Fallo al liberar semáforos
[2025-05-19 18:33:56] Cuenta: 1000 | Operación: Retiro | Descripcion: Usuario ha realizado un retiro
[2025-05-19 18:34:01] Cuenta: 1000 | Operación: Error | Descripcion: Fallo al liberar semáforos
[2025-05-19 18:34:44] Cuenta: 1000 | Operación: Retiro | Descripcion: Usuario ha realizado un retiro
[2025-05-19 18:34:49] Cuenta: 1000 | Operación: Error | Descripcion: Fallo al liberar semáforos
[2025-05-19 18:35:03] Cuenta: 1000 | Operación: Error | Descripcion: Fallo al liberar semáforos
[2025-05-19 18:35:05] Cuenta: 1005 | Operación: Error | Descripcion: Fallo al liberar semáforos
[2025-05-19 18:35:09] | Operación: Main | Descripcion: Cerrando terminales
[2025-05-19 18:35:13] | Operación: Main | Descripcion: Banco iniciado
[2025-05-19 18:35:13] | Tipo: Monitor | Descripcion: Activo, escuchando
[2025-05-19 18:35:13] | Tipo: Monitor | Descripcion: Alerta de anomalia retiro
[2025-05-19 18:40:14] | Operación: Main | Descripcion: Banco iniciado
[2025-05-19 18:40:14] | Tipo: Monitor | Descripcion: Activo, escuchando
[2025-05-19 18:40:14] | Tipo: Monitor | Descripcion: Alerta de anomalia retiro
[2025-05-19 18:40:31] | Operación: Login | Descripcion: Login exitoso
[2025-05-19 18:40:31] | Operación: Main | Descripcion: Abriendo terminal
[2025-05-19 18:40:41] Cuenta: 1000 | Operación: Depósito | Descripcion: Usuario ha realizado un depósito
[2025-05-19 18:40:54] Cuenta: 1000 | Operación: Error | Descripcion: Fallo al liberar semáforos
[2025-05-19 18:40:56] | Operación: Main | Descripcion: Cerrando terminales
[2025-05-19 18:42:32] | Operación: Main | Descripcion: Banco iniciado
[2025-05-19 18:42:32] | Tipo: Monitor | Descripcion: Activo, escuchando
[2025-05-19 18:42:32] | Tipo: Monitor | Descripcion: Alerta de anomalia retiro
[2025-05-19 18:42:40] | Operación: Login | Descripcion: Login exitoso
[2025-05-19 18:42:40] | Operación: Main | Descripcion: Abriendo terminal
[2025-05-19 18:42:48] Cuenta: 1000 | Operación: Depósito | Descripcion: Usuario ha realizado un depósito
[2025-05-19 18:43:01] Cuenta: 1000 | Operación: Depósito | Descripcion: Usuario ha realizado un depósito
[2025-05-19 18:43:06] Cuenta: 1000 | Operación: Error | Descripcion: Fallo al liberar semáforos
[2025-05-19 18:43:35] Cuenta: 1000 | Operación: Retiro | Descripcion: Usuario ha realizado un retiro
[2025-05-19 18:43:40] Cuenta: 1000 | Operación: Error | Descripcion: Fallo al liberar semáforos
[2025-05-19 18:43:49] Cuenta: 1000 | Operación: Depósito | Descripcion: Usuario ha realizado un depósito
[2025-05-19 18:43:54] Cuenta: 1000 | Operación: Error | Descripcion: Fallo al liberar semáforos
[2025-05-19 18:44:06] Cuenta: 1000 | Operación: Depósito | Descripcion: Usuario ha realizado un depósito
[2025-05-19 18:44:11] Cuenta: 1000 | Operación: Error | Descripcion: Fallo al liberar semáforos
[2025-05-19 18:44:23] Cuenta: 1000 | Operación: Depósito | Descripcion: Usuario ha realizado un depósito
[2025-05-19 18:44:28] Cuenta: 1000 | Operación: Error | Descripcion: Fallo al liberar semáforos
[2025-05-19 18:44:37] Cuenta: 1000 | Operación: Depósito | Descripcion: Usuario ha realizado un depósito
[2025-05-19 18:44:42] Cuenta: 1000 | Operación: Error | Descripcion: Fallo al liberar semáforos
[2025-05-19 18:45:13] Cuenta: 1000 | Operación: Retiro | Descripcion: Usuario ha realizado un retiro
[2025-05-19 18:45:18] Cuenta: 1000 | Operación: Error | Descripcion: Fallo al liberar semáforos
[2025-05-19 18:45:29] Cuenta: 1000 | Operación: Depósito | Descripcion: Usuario ha realizado un depósito
[2025-05-19 18:45:34] Cuenta: 1000 | Operación: Error | Descripcion: Fallo al liberar semáforos
[2025-05-19 18:45:58] Cuenta: 1000 | Operación: Depósito | Descripcion: Usuario ha realizado un depósito
[2025-05-19 18:46:03] Cuenta: 1000 | Operación: Error | Descripcion: Fallo al liberar semáforos
[2025-05-19 18:46:35] Cuenta: 1000 | Operación: Depósito | Descripcion: Usuario ha realizado un depósito
[2025-05-19 18:46:40] Cuenta: 1000 | Operación: Error | Descripcion: Fallo al liberar semáforos
[2025-05-19 18:46:44] Cuenta: 1000 | Operación: Error | Descripcion: Fallo al liberar semáforos
[2025-05-19 18:46:47] | Operación: Main | Descripcion: Cerrando terminales
[2025-05-19 18:47:53] | Operación: Main | Descripcion: Banco iniciado
[2025-05-19 18:47:53] | Tipo: Monitor | Descripcion: Activo, escuchando
[2025-05-19 18:47:53] | Tipo: Monitor | Descripcion: Alerta de anomalia retiro
[2025-05-19 18:48:05] | Operación: Login | Descripcion: Login exitoso
[2025-05-19 18:48:05] | Operación: Main | Descripcion: Abriendo terminal
[2025-05-19 18:48:16] Cuenta: 1005 | Operación: Depósito | Descripcion: Usuario ha realizado un depósito
[2025-05-19 18:48:30] Cuenta: 1005 | Operación: Depósito | Descripcion: Usuario ha realizado un depósito
[2025-05-19 18:48:35] Cuenta: 1005 | Operación: Error | Descripcion: Fallo al liberar semáforos
[2025-05-19 18:48:42] Cuenta: 1005 | Operación: Depósito | Descripcion: Usuario ha realizado un depósito
[2025-05-19 18:48:47] Cuenta: 1005 | Operación: Error | Descripcion: Fallo al liberar semáforos
[2025-05-19 18:48:55] Cuenta: 1005 | Operación: Depósito | Descripcion: Usuario ha realizado un depósito
[2025-05-19 18:49:00] Cuenta: 1005 | Operación: Error | Descripcion: Fallo al liberar semáforos
[2025-05-19 18:49:07] Cuenta: 1005 | Operación: Depósito | Descripcion: Usuario ha realizado un depósito
[2025-05-19 18:49:12] Cuenta: 1005 | Operación: Error | Descripcion: Fallo al liberar semáforos
[2025-05-19 18:49:24] Cuenta: 1005 | Operación: Depósito | Descripcion: Usuario ha realizado un depósito
[2025-05-19 18:49:29] Cuenta: 1005 | Operación: Error | Descripcion: Fallo al liberar semáforos
[2025-05-19 18:49:37] Cuenta: 1005 | Operación: Depósito | Descripcion: Usuario ha realizado un depósito
[2025-05-19 18:49:42] Cuenta: 1005 | Operación: Error | Descripcion: Fallo al liberar semáforos
[2025-05-19 18:49:55] Cuenta: 1005 | Operación: Depósito | Descripcion: Usuario ha realizado un depósito
[2025-05-19 18:50:00] Cuenta: 1005 | Operación: Error | Descripcion: Fallo al liberar semáforos
[2025-05-19 18:50:26] Cuenta: 1005 | Operación: Depósito | Descripcion: Usuario ha realizado un depósito
[2025-05-19 18:50:31] Cuenta: 1005 | Operación: Error | Descripcion: Fallo al liberar semáforos
[2025-05-19 18:50:41] Cuenta: 1005 | Operación: Depósito | Descripcion: Usuario ha realizado un depósito
[2025-05-19 18:50:46] Cuenta: 1005 | Operación: Error | Descripcion: Fallo al liberar semáforos
[2025-05-19 18:51:22] Cuenta: 1005 | Operación: Retiro | Descripcion: Usuario ha realizado un retiro
[2025-05-19 18:51:27] Cuenta: 1005 | Operación: Error | Descripcion: Fallo al liberar semáforos
[2025-05-19 18:51:45] Cuenta: 1005 | Operación: Consulta | Descripcion: Consulta de saldo realizada
[2025-05-19 18:51:50] Cuenta: 1005 | Operación: Error | Descripcion: Fallo al liberar semáforos
[2025-05-19 18:51:52] Cuenta: 1005 | Operación: Error | Descripcion: Fallo al liberar semáforos
[2025-05-19 18:51:55] | Operación: Main | Descripcion: Cerrando terminales
[2025-05-19 18:52:00] | Operación: Main | Descripcion: Banco iniciado
[2025-05-19 18:52:00] | Tipo: Monitor | Descripcion: Activo, escuchando
[2025-05-19 18:52:00] | Tipo: Monitor | Descripcion: Alerta de anomalia retiro
[2025-05-19 18:55:51] | Operación: Main | Descripcion: Banco iniciado
[2025-05-19 18:55:51] | Tipo: Monitor | Descripcion: Activo, escuchando
[2025-05-19 18:55:51] | Tipo: Monitor | Descripcion: Alerta de anomalia retiro
[2025-05-19 18:55:59] | Operación: Login | Descripcion: Login exitoso
[2025-05-19 18:55:59] | Operación: Main | Descripcion: Abriendo terminal
[2025-05-19 18:56:06] Cuenta: 1005 | Operación: Depósito | Descripcion: Usuario ha realizado un depósito
[2025-05-19 18:56:20] Cuenta: 1005 | Operación: Depósito | Descripcion: Usuario ha realizado un depósito
[2025-05-19 18:57:23] | Operación: Main | Descripcion: Banco iniciado
[2025-05-19 18:57:23] | Tipo: Monitor | Descripcion: Activo, escuchando
[2025-05-19 18:57:23] | Tipo: Monitor | Descripcion: Alerta de anomalia retiro
[2025-05-19 18:57:44] | Operación: Login | Descripcion: Login exitoso
[2025-05-19 18:57:44] | Operación: Main | Descripcion: Abriendo terminal
[2025-05-19 18:57:54] Cuenta: 1005 | Operación: Depósito | Descripcion: Usuario ha realizado un depósito
[2025-05-19 18:58:09] Cuenta: 1005 | Operación: Depósito | Descripcion: Usuario ha realizado un depósito
[2025-05-19 18:58:14] Cuenta: 1005 | Operación: Error | Descripcion: Fallo al liberar semáforos
[2025-05-19 18:58:23] Cuenta: 1005 | Operación: Depósito | Descripcion: Usuario ha realizado un depósito
[2025-05-19 18:58:28] Cuenta: 1005 | Operación: Error | Descripcion: Fallo al liberar semáforos
[2025-05-19 18:58:36] Cuenta: 1005 | Operación: Depósito | Descripcion: Usuario ha realizado un depósito
[2025-05-19 18:58:41] Cuenta: 1005 | Operación: Error | Descripcion: Fallo al liberar semáforos
[2025-05-19 18:58:49] Cuenta: 1005 | Operación: Depósito | Descripcion: Usuario ha realizado un depósito
[2025-05-19 18:58:54] Cuenta: 1005 | Operación: Error | Descripcion: Fallo al liberar semáforos
[2025-05-19 18:59:02] Cuenta: 1005 | Operación: Depósito | Descripcion: Usuario ha realizado un depósito
[2025-05-19 18:59:07] Cuenta: 1005 | Operación: Error | Descripcion: Fallo al liberar semáforos
[2025-05-19 18:59:15] Cuenta: 1005 | Operación: Depósito | Descripcion: Usuario ha realizado un depósito
[2025-05-19 18:59:20] Cuenta: 1005 | Operación: Error | Descripcion: Fallo al liberar semáforos
[2025-05-19 18:59:38] Cuenta: 1005 | Operación: Depósito | Descripcion: Usuario ha realizado un depósito
[2025-05-19 18:59:43] Cuenta: 1005 | Operación: Error | Descripcion: Fallo al liberar semáforos
[2025-05-19 18:59:59] Cuenta: 1005 | Operación: Error | Descripcion: Fallo al liberar semáforos
[2025-05-19 19:00:00] | Operación: Main | Descripcion: Cerrando terminales
[2025-05-19 19:00:04] | Operación: Main | Descripcion: Banco iniciado
[2025-05-19 19:00:04] | Tipo: Monitor | Descripcion: Activo, escuchando
[2025-05-19 19:00:04] | Tipo: Monitor | Descripcion: Alerta de anomalia retiro
[2025-05-19 19:04:57] | Operación: Main | Descripcion: Banco iniciado
[2025-05-19 19:04:57] | Tipo: Monitor | Descripcion: Activo, escuchando
[2025-05-19 19:04:57] | Tipo: Monitor | Descripcion: Alerta de anomalia retiro
[2025-05-19 19:05:04] | Operación: Login | Descripcion: Login exitoso
[2025-05-19 19:05:04] | Operación: Main | Descripcion: Abriendo terminal
[2025-05-19 19:05:15] Cuenta: 1000 | Operación: Depósito | Descripcion: Usuario ha realizado un depósito
[2025-05-19 19:05:29] Cuenta: 1000 | Operación: Depósito | Descripcion: Usuario ha realizado un depósito
[2025-05-19 19:05:31] Cuenta: 1000 | Operación: Error | Descripcion: Fallo al liberar semáforos
[2025-05-19 19:05:46] Cuenta: 1000 | Operación: Depósito | Descripcion: Usuario ha realizado un depósito
[2025-05-19 19:05:48] Cuenta: 1000 | Operación: Error | Descripcion: Fallo al liberar semáforos
[2025-05-19 19:05:57] Cuenta: 1000 | Operación: Depósito | Descripcion: Usuario ha realizado un depósito
[2025-05-19 19:05:59] Cuenta: 1000 | Operación: Error | Descripcion: Fallo al liberar semáforos
[2025-05-19 19:06:08] Cuenta: 1000 | Operación: Depósito | Descripcion: Usuario ha realizado un depósito
[2025-05-19 19:06:10] Cuenta: 1000 | Operación: Error | Descripcion: Fallo al liberar semáforos
[2025-05-19 19:06:18] Cuenta: 1000 | Operación: Depósito | Descripcion: Usuario ha realizado un depósito
[2025-05-19 19:06:20] Cuenta: 1000 | Operación: Error | Descripcion: Fallo al liberar semáforos
[2025-05-19 19:06:28] Cuenta: 1000 | Operación: Depósito | Descripcion: Usuario ha realizado un depósito
[2025-05-19 19:06:30] Cuenta: 1000 | Operación: Error | Descripcion: Fallo al liberar semáforos
[2025-05-19 19:06:41] Cuenta: 1000 | Operación: Depósito | Descripcion: Usuario ha realizado un depósito
[2025-05-19 19:06:43] Cuenta: 1000 | Operación: Error | Descripcion: Fallo al liberar semáforos
[2025-05-19 19:06:52] Cuenta: 1000 | Operación: Depósito | Descripcion: Usuario ha realizado un depósito
[2025-05-19 19:06:54] Cuenta: 1000 | Operación: Error | Descripcion: Fallo al liberar semáforos
[2025-05-19 19:07:28] Cuenta: 1000 | Operación: Error | Descripcion: Fallo al liberar semáforos
[2025-05-19 19:07:32] | Operación: Main | Descripcion: Cerrando terminales
[2025-05-19 19:07:37] | Operación: Main | Descripcion: Banco iniciado
[2025-05-19 19:07:37] | Tipo: Monitor | Descripcion: Activo, escuchando
[2025-05-19 19:07:37] | Tipo: Monitor | Descripcion: Alerta de anomalia retiro
[2025-05-19 19:08:25] | Operación: Main | Descripcion: Banco iniciado
[2025-05-19 19:08:25] | Tipo: Monitor | Descripcion: Activo, escuchando
[2025-05-19 19:08:25] | Tipo: Monitor | Descripcion: Alerta de anomalia retiro
[2025-05-19 19:08:40] | Operación: Login | Descripcion: Login exitoso
[2025-05-19 19:08:40] | Operación: Main | Descripcion: Abriendo terminal
[2025-05-19 19:08:57] Cuenta: 1005 | Operación: Depósito | Descripcion: Usuario ha realizado un depósito
[2025-05-19 19:09:11] Cuenta: 1005 | Operación: Depósito | Descripcion: Usuario ha realizado un depósito
[2025-05-19 19:09:13] Cuenta: 1005 | Operación: Error | Descripcion: Fallo al liberar semáforos
[2025-05-19 19:09:46] Cuenta: 1005 | Operación: Depósito | Descripcion: Usuario ha realizado un depósito
[2025-05-19 19:09:48] Cuenta: 1005 | Operación: Error | Descripcion: Fallo al liberar semáforos
[2025-05-19 19:09:58] Cuenta: 1005 | Operación: Depósito | Descripcion: Usuario ha realizado un depósito
[2025-05-19 19:10:00] Cuenta: 1005 | Operación: Error | Descripcion: Fallo al liberar semáforos
[2025-05-19 19:10:02] Cuenta: 1005 | Operación: Error | Descripcion: Fallo al liberar semáforos
[2025-05-19 19:10:13] Cuenta: 1005 | Operación: Depósito | Descripcion: Usuario ha realizado un depósito
[2025-05-19 19:10:15] Cuenta: 1005 | Operación: Error | Descripcion: Fallo al liberar semáforos
[2025-05-19 19:10:28] Cuenta: 1005 | Operación: Depósito | Descripcion: Usuario ha realizado un depósito
[2025-05-19 19:10:30] Cuenta: 1005 | Operación: Error | Descripcion: Fallo al liberar semáforos
[2025-05-19 19:10:38] Cuenta: 1005 | Operación: Depósito | Descripcion: Usuario ha realizado un depósito
[2025-05-19 19:10:40] Cuenta: 1005 | Operación: Error | Descripcion: Fallo al liberar semáforos
[2025-05-19 19:10:56] Cuenta: 1005 | Operación: Depósito | Descripcion: Usuario ha realizado un depósito
[2025-05-19 19:10:58] Cuenta: 1005 | Operación: Error | Descripcion: Fallo al liberar semáforos
[2025-05-19 19:11:03] Cuenta: 1005 | Operación: Error | Descripcion: Fallo al liberar semáforos
[2025-05-19 19:11:08] | Operación: Main | Descripcion: Cerrando terminales
[2025-05-19 19:11:15] | Operación: Main | Descripcion: Banco iniciado
[2025-05-19 19:11:15] | Tipo: Monitor | Descripcion: Activo, escuchando
[2025-05-19 19:11:15] | Tipo: Monitor | Descripcion: Alerta de anomalia retiro
[2025-05-19 19:12:46] | Operación: Main | Descripcion: Banco iniciado
[2025-05-19 19:12:46] | Tipo: Monitor | Descripcion: Activo, escuchando
[2025-05-19 19:12:46] | Tipo: Monitor | Descripcion: Alerta de anomalia retiro
[2025-05-19 19:13:15] | Operación: Login | Descripcion: Login exitoso
[2025-05-19 19:13:15] | Operación: Main | Descripcion: Abriendo terminal
[2025-05-19 19:13:27] Cuenta: 1005 | Operación: Depósito | Descripcion: Usuario ha realizado un depósito
[2025-05-19 19:13:40] Cuenta: 1005 | Operación: Depósito | Descripcion: Usuario ha realizado un depósito
[2025-05-19 19:13:42] Cuenta: 1005 | Operación: Error | Descripcion: Fallo al liberar semáforos
[2025-05-19 19:13:51] Cuenta: 1005 | Operación: Depósito | Descripcion: Usuario ha realizado un depósito
[2025-05-19 19:13:53] Cuenta: 1005 | Operación: Error | Descripcion: Fallo al liberar semáforos
[2025-05-19 19:14:01] Cuenta: 1005 | Operación: Depósito | Descripcion: Usuario ha realizado un depósito
[2025-05-19 19:14:03] Cuenta: 1005 | Operación: Error | Descripcion: Fallo al liberar semáforos
[2025-05-19 19:14:13] Cuenta: 1005 | Operación: Depósito | Descripcion: Usuario ha realizado un depósito
[2025-05-19 19:14:15] Cuenta: 1005 | Operación: Error | Descripcion: Fallo al liberar semáforos
[2025-05-19 19:14:24] Cuenta: 1005 | Operación: Depósito | Descripcion: Usuario ha realizado un depósito
[2025-05-19 19:14:26] Cuenta: 1005 | Operación: Error | Descripcion: Fallo al liberar semáforos
[2025-05-19 19:14:39] Cuenta: 1005 | Operación: Depósito | Descripcion: Usuario ha realizado un depósito
[2025-05-19 19:14:41] Cuenta: 1005 | Operación: Error | Descripcion: Fallo al liberar semáforos
[2025-05-19 19:14:52] Cuenta: 1005 | Operación: Depósito | Descripcion: Usuario ha realizado un depósito
[2025-05-19 19:14:54] Cuenta: 1005 | Operación: Error | Descripcion: Fallo al liberar semáforos
[2025-05-19 19:15:03] Cuenta: 1005 | Operación: Depósito | Descripcion: Usuario ha realizado un depósito
[2025-05-19 19:15:05] Cuenta: 1005 | Operación: Error | Descripcion: Fallo al liberar semáforos
[2025-05-19 19:15:16] Cuenta: 1005 | Operación: Depósito | Descripcion: Usuario ha realizado un depósito
[2025-05-19 19:15:18] Cuenta: 1005 | Operación: Error | Descripcion: Fallo al liberar semáforos
[2025-05-19 19:15:30] Cuenta: 1005 | Operación: Depósito | Descripcion: Usuario ha realizado un depósito
[2025-05-19 19:15:32] Cuenta: 1005 | Operación: Error | Descripcion: Fallo al liberar semáforos
[2025-05-19 19:15:36] Cuenta: 1005 | Operación: Error | Descripcion: Fallo al liberar semáforos
[2025-05-19 19:15:43] | Operación: Main | Descripcion: Cerrando terminales
[2025-05-19 19:15:48] | Operación: Main | Descripcion: Banco iniciado
[2025-05-19 19:15:48] | Tipo: Monitor | Descripcion: Activo, escuchando
[2025-05-19 19:15:48] | Tipo: Monitor | Descripcion: Alerta de anomalia retiro
[2025-05-19 19:19:24] | Operación: Main | Descripcion: Banco iniciado
[2025-05-19 19:19:24] | Tipo: Monitor | Descripcion: Activo, escuchando
[2025-05-19 19:19:24] | Tipo: Monitor | Descripcion: Alerta de anomalia retiro
[2025-05-19 19:19:34] | Operación: Login | Descripcion: Login exitoso
[2025-05-19 19:19:34] | Operación: Main | Descripcion: Abriendo terminal
[2025-05-19 19:20:49] Cuenta: 1005 | Operación: Transferencia realizada | Descripcion: Transferencia realizada por usuario
[2025-05-19 19:20:49] Cuenta: 1001 | Operación: Transferencia recibida | Descripcion: Transferencia recibida por usuario
[2025-05-19 19:34:16] Cuenta: 1005 | Operación: Transferencia realizada | Descripcion: Transferencia realizada por usuario
[2025-05-19 19:34:16] Cuenta: 1000 | Operación: Transferencia recibida | Descripcion: Transferencia recibida por usuario
[2025-05-19 19:34:21] Cuenta: 1005 | Operación: Error | Descripcion: Fallo al liberar semáforos
[2025-05-19 19:34:29] Cuenta: 1005 | Operación: Depósito | Descripcion: Usuario ha realizado un depósito
[2025-05-19 19:34:31] Cuenta: 1005 | Operación: Error | Descripcion: Fallo al liberar semáforos
[2025-05-19 19:35:47] Cuenta: 1005 | Operación: Consulta | Descripcion: Consulta de saldo realizada
[2025-05-19 19:35:52] Cuenta: 1005 | Operación: Error | Descripcion: Fallo al liberar semáforos
[2025-05-19 19:36:16] | Operación: Login | Descripcion: Login exitoso
[2025-05-19 19:36:16] | Operación: Main | Descripcion: Abriendo terminal
[2025-05-19 19:36:26] Cuenta: 1000 | Operación: Depósito | Descripcion: Usuario ha realizado un depósito
[2025-05-19 19:36:37] Cuenta: 1000 | Operación: Depósito | Descripcion: Usuario ha realizado un depósito
[2025-05-19 19:36:39] Cuenta: 1000 | Operación: Error | Descripcion: Fallo al liberar semáforos
[2025-05-19 19:36:42] Cuenta: 1000 | Operación: Error | Descripcion: Fallo al liberar semáforos
[2025-05-19 19:36:50] Cuenta: 1000 | Operación: Depósito | Descripcion: Usuario ha realizado un depósito
[2025-05-19 19:36:52] Cuenta: 1000 | Operación: Error | Descripcion: Fallo al liberar semáforos
[2025-05-19 19:37:33] Cuenta: 1005 | Operación: Consulta | Descripcion: Consulta de saldo realizada
[2025-05-19 19:37:38] Cuenta: 1005 | Operación: Error | Descripcion: Fallo al liberar semáforos
[2025-05-19 19:37:50] Cuenta: 1005 | Operación: Depósito | Descripcion: Usuario ha realizado un depósito
[2025-05-19 19:37:52] Cuenta: 1005 | Operación: Error | Descripcion: Fallo al liberar semáforos
[2025-05-19 19:38:01] | Operación: Login | Descripcion: Login exitoso
[2025-05-19 19:38:01] | Operación: Main | Descripcion: Abriendo terminal
[2025-05-19 19:38:10] Cuenta: 1001 | Operación: Depósito | Descripcion: Usuario ha realizado un depósito
[2025-05-19 19:38:21] Cuenta: 1000 | Operación: Depósito | Descripcion: Usuario ha realizado un depósito
[2025-05-19 19:38:23] Cuenta: 1000 | Operación: Error | Descripcion: Fallo al liberar semáforos
[2025-05-19 19:38:56] | Operación: Main | Descripcion: Cerrando terminales
[2025-05-19 19:39:05] | Operación: Main | Descripcion: Banco iniciado
[2025-05-19 19:39:05] | Tipo: Monitor | Descripcion: Activo, escuchando
[2025-05-19 19:39:05] | Tipo: Monitor | Descripcion: Alerta de anomalia retiro
